{"D:\\Code\\Recite\\src\\hooks\\useDebouncedValue.ts": {"path":"D:\\Code\\Recite\\src\\hooks\\useDebouncedValue.ts","statementMap":{"0":{"start":{"line":8,"column":32},"end":{"line":8,"column":null}},"1":{"start":{"line":10,"column":2},"end":{"line":15,"column":null}},"2":{"start":{"line":11,"column":18},"end":{"line":13,"column":null}},"3":{"start":{"line":12,"column":6},"end":{"line":12,"column":null}},"4":{"start":{"line":14,"column":4},"end":{"line":14,"column":null}},"5":{"start":{"line":14,"column":17},"end":{"line":14,"column":null}},"6":{"start":{"line":17,"column":2},"end":{"line":17,"column":null}}},"fnMap":{"0":{"name":"useDebouncedValue","decl":{"start":{"line":7,"column":16},"end":{"line":7,"column":37}},"loc":{"start":{"line":7,"column":63},"end":{"line":18,"column":null}},"line":7},"1":{"name":"(anonymous_1)","decl":{"start":{"line":10,"column":12},"end":{"line":10,"column":18}},"loc":{"start":{"line":10,"column":18},"end":{"line":15,"column":5}},"line":10},"2":{"name":"(anonymous_2)","decl":{"start":{"line":11,"column":36},"end":{"line":11,"column":42}},"loc":{"start":{"line":11,"column":42},"end":{"line":13,"column":7}},"line":11},"3":{"name":"(anonymous_3)","decl":{"start":{"line":14,"column":11},"end":{"line":14,"column":17}},"loc":{"start":{"line":14,"column":17},"end":{"line":14,"column":null}},"line":14}},"branchMap":{"0":{"loc":{"start":{"line":7,"column":47},"end":{"line":7,"column":63}},"type":"default-arg","locations":[{"start":{"line":7,"column":55},"end":{"line":7,"column":63}}],"line":7}},"s":{"0":12,"1":12,"2":9,"3":3,"4":9,"5":9,"6":12},"f":{"0":12,"1":9,"2":3,"3":9},"b":{"0":[12]},"meta":{"lastBranch":1,"lastFunction":4,"lastStatement":7,"seen":{"f:7:16:7:37":0,"b:7:55:7:63":0,"s:8:32:8:Infinity":0,"s:10:2:15:Infinity":1,"f:10:12:10:18":1,"s:11:18:13:Infinity":2,"f:11:36:11:42":2,"s:12:6:12:Infinity":3,"s:14:4:14:Infinity":4,"f:14:11:14:17":3,"s:14:17:14:Infinity":5,"s:17:2:17:Infinity":6},"fnNames":{}}}
,"D:\\Code\\Recite\\src\\services\\documentService.ts": {"path":"D:\\Code\\Recite\\src\\services\\documentService.ts","statementMap":{"0":{"start":{"line":28,"column":21},"end":{"line":28,"column":null}},"1":{"start":{"line":32,"column":2},"end":{"line":32,"column":null}},"2":{"start":{"line":32,"column":28},"end":{"line":32,"column":null}},"3":{"start":{"line":33,"column":8},"end":{"line":33,"column":null}},"4":{"start":{"line":34,"column":28},"end":{"line":34,"column":null}},"5":{"start":{"line":35,"column":2},"end":{"line":39,"column":null}},"6":{"start":{"line":36,"column":19},"end":{"line":36,"column":null}},"7":{"start":{"line":37,"column":19},"end":{"line":37,"column":null}},"8":{"start":{"line":38,"column":4},"end":{"line":38,"column":null}},"9":{"start":{"line":40,"column":2},"end":{"line":40,"column":null}},"10":{"start":{"line":41,"column":2},"end":{"line":41,"column":null}},"11":{"start":{"line":46,"column":2},"end":{"line":50,"column":null}},"12":{"start":{"line":47,"column":4},"end":{"line":47,"column":null}},"13":{"start":{"line":49,"column":4},"end":{"line":49,"column":null}},"14":{"start":{"line":55,"column":2},"end":{"line":55,"column":null}},"15":{"start":{"line":60,"column":2},"end":{"line":60,"column":null}},"16":{"start":{"line":65,"column":2},"end":{"line":65,"column":null}},"17":{"start":{"line":78,"column":8},"end":{"line":78,"column":null}},"18":{"start":{"line":79,"column":8},"end":{"line":79,"column":null}},"19":{"start":{"line":80,"column":2},"end":{"line":80,"column":null}},"20":{"start":{"line":96,"column":8},"end":{"line":96,"column":null}},"21":{"start":{"line":97,"column":18},"end":{"line":97,"column":null}},"22":{"start":{"line":98,"column":2},"end":{"line":98,"column":null}},"23":{"start":{"line":103,"column":2},"end":{"line":103,"column":null}},"24":{"start":{"line":108,"column":2},"end":{"line":108,"column":null}},"25":{"start":{"line":109,"column":2},"end":{"line":109,"column":null}},"26":{"start":{"line":109,"column":22},"end":{"line":109,"column":43}},"27":{"start":{"line":114,"column":2},"end":{"line":114,"column":null}},"28":{"start":{"line":115,"column":2},"end":{"line":115,"column":null}},"29":{"start":{"line":115,"column":22},"end":{"line":115,"column":43}},"30":{"start":{"line":120,"column":8},"end":{"line":120,"column":null}},"31":{"start":{"line":121,"column":2},"end":{"line":121,"column":null}},"32":{"start":{"line":121,"column":32},"end":{"line":121,"column":88}},"33":{"start":{"line":126,"column":2},"end":{"line":126,"column":null}}},"fnMap":{"0":{"name":"getDocumentText","decl":{"start":{"line":31,"column":22},"end":{"line":31,"column":38}},"loc":{"start":{"line":31,"column":74},"end":{"line":42,"column":null}},"line":31},"1":{"name":"clearContentCache","decl":{"start":{"line":45,"column":16},"end":{"line":45,"column":34}},"loc":{"start":{"line":45,"column":53},"end":{"line":51,"column":null}},"line":45},"2":{"name":"getDocumentById","decl":{"start":{"line":54,"column":16},"end":{"line":54,"column":32}},"loc":{"start":{"line":54,"column":67},"end":{"line":56,"column":null}},"line":54},"3":{"name":"getAllDocumentMetas","decl":{"start":{"line":59,"column":16},"end":{"line":59,"column":54}},"loc":{"start":{"line":59,"column":54},"end":{"line":61,"column":null}},"line":59},"4":{"name":"recordDocumentAccess","decl":{"start":{"line":64,"column":16},"end":{"line":64,"column":37}},"loc":{"start":{"line":64,"column":55},"end":{"line":66,"column":null}},"line":64},"5":{"name":"queryDocuments","decl":{"start":{"line":69,"column":16},"end":{"line":69,"column":null}},"loc":{"start":{"line":77,"column":18},"end":{"line":81,"column":null}},"line":77},"6":{"name":"searchDocuments","decl":{"start":{"line":87,"column":22},"end":{"line":87,"column":null}},"loc":{"start":{"line":95,"column":27},"end":{"line":99,"column":null}},"line":95},"7":{"name":"getPage","decl":{"start":{"line":102,"column":16},"end":{"line":102,"column":27}},"loc":{"start":{"line":102,"column":87},"end":{"line":104,"column":null}},"line":102},"8":{"name":"moveDocuments","decl":{"start":{"line":107,"column":16},"end":{"line":107,"column":30}},"loc":{"start":{"line":107,"column":78},"end":{"line":110,"column":null}},"line":107},"9":{"name":"(anonymous_9)","decl":{"start":{"line":109,"column":14},"end":{"line":109,"column":15}},"loc":{"start":{"line":109,"column":22},"end":{"line":109,"column":43}},"line":109},"10":{"name":"removeDocuments","decl":{"start":{"line":113,"column":16},"end":{"line":113,"column":32}},"loc":{"start":{"line":113,"column":53},"end":{"line":116,"column":null}},"line":113},"11":{"name":"(anonymous_11)","decl":{"start":{"line":115,"column":14},"end":{"line":115,"column":15}},"loc":{"start":{"line":115,"column":22},"end":{"line":115,"column":43}},"line":115},"12":{"name":"countDocumentsInCategory","decl":{"start":{"line":119,"column":16},"end":{"line":119,"column":41}},"loc":{"start":{"line":119,"column":72},"end":{"line":122,"column":null}},"line":119},"13":{"name":"(anonymous_13)","decl":{"start":{"line":121,"column":22},"end":{"line":121,"column":23}},"loc":{"start":{"line":121,"column":32},"end":{"line":121,"column":88}},"line":121},"14":{"name":"loadCategories","decl":{"start":{"line":125,"column":16},"end":{"line":125,"column":33}},"loc":{"start":{"line":125,"column":33},"end":{"line":127,"column":null}},"line":125}},"branchMap":{"0":{"loc":{"start":{"line":32,"column":2},"end":{"line":32,"column":null}},"type":"if","locations":[{"start":{"line":32,"column":2},"end":{"line":32,"column":null}},{"start":{},"end":{}}],"line":32},"1":{"loc":{"start":{"line":32,"column":35},"end":{"line":32,"column":null}},"type":"binary-expr","locations":[{"start":{"line":32,"column":35},"end":{"line":32,"column":59}},{"start":{"line":32,"column":59},"end":{"line":32,"column":null}}],"line":32},"2":{"loc":{"start":{"line":35,"column":2},"end":{"line":39,"column":null}},"type":"if","locations":[{"start":{"line":35,"column":2},"end":{"line":39,"column":null}},{"start":{},"end":{}}],"line":35},"3":{"loc":{"start":{"line":38,"column":11},"end":{"line":38,"column":null}},"type":"binary-expr","locations":[{"start":{"line":38,"column":11},"end":{"line":38,"column":38}},{"start":{"line":38,"column":38},"end":{"line":38,"column":null}}],"line":38},"4":{"loc":{"start":{"line":46,"column":2},"end":{"line":50,"column":null}},"type":"if","locations":[{"start":{"line":46,"column":2},"end":{"line":50,"column":null}},{"start":{"line":48,"column":9},"end":{"line":50,"column":null}}],"line":46},"5":{"loc":{"start":{"line":102,"column":52},"end":{"line":102,"column":87}},"type":"default-arg","locations":[{"start":{"line":102,"column":63},"end":{"line":102,"column":87}}],"line":102},"6":{"loc":{"start":{"line":121,"column":32},"end":{"line":121,"column":88}},"type":"binary-expr","locations":[{"start":{"line":121,"column":32},"end":{"line":121,"column":51}},{"start":{"line":121,"column":51},"end":{"line":121,"column":88}}],"line":121}},"s":{"0":1,"1":5,"2":1,"3":4,"4":4,"5":4,"6":3,"7":3,"8":3,"9":4,"10":4,"11":3,"12":2,"13":1,"14":0,"15":3,"16":0,"17":1,"18":1,"19":1,"20":1,"21":1,"22":1,"23":2,"24":1,"25":1,"26":1,"27":1,"28":1,"29":1,"30":4,"31":4,"32":6,"33":0},"f":{"0":5,"1":3,"2":0,"3":3,"4":0,"5":1,"6":1,"7":2,"8":1,"9":1,"10":1,"11":1,"12":4,"13":6,"14":0},"b":{"0":[1,4],"1":[1,0],"2":[3,1],"3":[3,0],"4":[2,1],"5":[2],"6":[6,6]},"meta":{"lastBranch":7,"lastFunction":15,"lastStatement":34,"seen":{"s:28:21:28:Infinity":0,"f:31:22:31:38":0,"b:32:2:32:Infinity:undefined:undefined:undefined:undefined":0,"s:32:2:32:Infinity":1,"s:32:28:32:Infinity":2,"b:32:35:32:59:32:59:32:Infinity":1,"s:33:8:33:Infinity":3,"s:34:28:34:Infinity":4,"b:35:2:39:Infinity:undefined:undefined:undefined:undefined":2,"s:35:2:39:Infinity":5,"s:36:19:36:Infinity":6,"s:37:19:37:Infinity":7,"s:38:4:38:Infinity":8,"b:38:11:38:38:38:38:38:Infinity":3,"s:40:2:40:Infinity":9,"s:41:2:41:Infinity":10,"f:45:16:45:34":1,"b:46:2:50:Infinity:48:9:50:Infinity":4,"s:46:2:50:Infinity":11,"s:47:4:47:Infinity":12,"s:49:4:49:Infinity":13,"f:54:16:54:32":2,"s:55:2:55:Infinity":14,"f:59:16:59:54":3,"s:60:2:60:Infinity":15,"f:64:16:64:37":4,"s:65:2:65:Infinity":16,"f:69:16:69:Infinity":5,"s:78:8:78:Infinity":17,"s:79:8:79:Infinity":18,"s:80:2:80:Infinity":19,"f:87:22:87:Infinity":6,"s:96:8:96:Infinity":20,"s:97:18:97:Infinity":21,"s:98:2:98:Infinity":22,"f:102:16:102:27":7,"b:102:63:102:87":5,"s:103:2:103:Infinity":23,"f:107:16:107:30":8,"s:108:2:108:Infinity":24,"s:109:2:109:Infinity":25,"f:109:14:109:15":9,"s:109:22:109:43":26,"f:113:16:113:32":10,"s:114:2:114:Infinity":27,"s:115:2:115:Infinity":28,"f:115:14:115:15":11,"s:115:22:115:43":29,"f:119:16:119:41":12,"s:120:8:120:Infinity":30,"s:121:2:121:Infinity":31,"f:121:22:121:23":13,"s:121:32:121:88":32,"b:121:32:121:51:121:51:121:88":6,"f:125:16:125:33":14,"s:126:2:126:Infinity":33},"fnNames":{}}}
,"D:\\Code\\Recite\\src\\services\\downloadService.ts": {"path":"D:\\Code\\Recite\\src\\services\\downloadService.ts","statementMap":{"0":{"start":{"line":11,"column":18},"end":{"line":11,"column":null}},"1":{"start":{"line":12,"column":2},"end":{"line":12,"column":null}},"2":{"start":{"line":17,"column":14},"end":{"line":17,"column":null}},"3":{"start":{"line":18,"column":15},"end":{"line":18,"column":null}},"4":{"start":{"line":19,"column":2},"end":{"line":19,"column":null}},"5":{"start":{"line":20,"column":2},"end":{"line":20,"column":null}},"6":{"start":{"line":21,"column":2},"end":{"line":21,"column":null}},"7":{"start":{"line":22,"column":2},"end":{"line":22,"column":null}},"8":{"start":{"line":23,"column":2},"end":{"line":23,"column":null}},"9":{"start":{"line":24,"column":2},"end":{"line":24,"column":null}},"10":{"start":{"line":29,"column":8},"end":{"line":29,"column":null}},"11":{"start":{"line":30,"column":2},"end":{"line":30,"column":null}},"12":{"start":{"line":30,"column":12},"end":{"line":30,"column":null}},"13":{"start":{"line":31,"column":15},"end":{"line":31,"column":null}},"14":{"start":{"line":32,"column":2},"end":{"line":32,"column":null}},"15":{"start":{"line":37,"column":14},"end":{"line":37,"column":null}},"16":{"start":{"line":38,"column":19},"end":{"line":38,"column":null}},"17":{"start":{"line":40,"column":2},"end":{"line":45,"column":null}},"18":{"start":{"line":41,"column":10},"end":{"line":41,"column":null}},"19":{"start":{"line":42,"column":4},"end":{"line":42,"column":null}},"20":{"start":{"line":42,"column":14},"end":{"line":42,"column":null}},"21":{"start":{"line":43,"column":4},"end":{"line":43,"column":null}},"22":{"start":{"line":44,"column":4},"end":{"line":44,"column":null}},"23":{"start":{"line":47,"column":2},"end":{"line":47,"column":null}},"24":{"start":{"line":47,"column":24},"end":{"line":47,"column":null}},"25":{"start":{"line":48,"column":15},"end":{"line":48,"column":null}},"26":{"start":{"line":49,"column":2},"end":{"line":49,"column":null}},"27":{"start":{"line":50,"column":2},"end":{"line":50,"column":null}}},"fnMap":{"0":{"name":"safeFileName","decl":{"start":{"line":10,"column":16},"end":{"line":10,"column":29}},"loc":{"start":{"line":10,"column":70},"end":{"line":13,"column":null}},"line":10},"1":{"name":"triggerDownload","decl":{"start":{"line":16,"column":9},"end":{"line":16,"column":25}},"loc":{"start":{"line":16,"column":61},"end":{"line":25,"column":null}},"line":16},"2":{"name":"downloadDocument","decl":{"start":{"line":28,"column":16},"end":{"line":28,"column":33}},"loc":{"start":{"line":28,"column":51},"end":{"line":33,"column":null}},"line":28},"3":{"name":"downloadDocumentsAsZip","decl":{"start":{"line":36,"column":22},"end":{"line":36,"column":45}},"loc":{"start":{"line":36,"column":77},"end":{"line":51,"column":null}},"line":36}},"branchMap":{"0":{"loc":{"start":{"line":12,"column":9},"end":{"line":12,"column":null}},"type":"binary-expr","locations":[{"start":{"line":12,"column":9},"end":{"line":12,"column":20}},{"start":{"line":12,"column":20},"end":{"line":12,"column":null}}],"line":12},"1":{"loc":{"start":{"line":30,"column":2},"end":{"line":30,"column":null}},"type":"if","locations":[{"start":{"line":30,"column":2},"end":{"line":30,"column":null}},{"start":{},"end":{}}],"line":30},"2":{"loc":{"start":{"line":42,"column":4},"end":{"line":42,"column":null}},"type":"if","locations":[{"start":{"line":42,"column":4},"end":{"line":42,"column":null}},{"start":{},"end":{}}],"line":42},"3":{"loc":{"start":{"line":47,"column":2},"end":{"line":47,"column":null}},"type":"if","locations":[{"start":{"line":47,"column":2},"end":{"line":47,"column":null}},{"start":{},"end":{}}],"line":47}},"s":{"0":7,"1":7,"2":2,"3":2,"4":2,"5":2,"6":2,"7":2,"8":2,"9":2,"10":2,"11":2,"12":1,"13":1,"14":1,"15":2,"16":2,"17":2,"18":4,"19":4,"20":2,"21":2,"22":2,"23":2,"24":1,"25":1,"26":1,"27":1},"f":{"0":7,"1":2,"2":2,"3":2},"b":{"0":[7,2],"1":[1,1],"2":[2,2],"3":[1,1]},"meta":{"lastBranch":4,"lastFunction":4,"lastStatement":28,"seen":{"f:10:16:10:29":0,"s:11:18:11:Infinity":0,"s:12:2:12:Infinity":1,"b:12:9:12:20:12:20:12:Infinity":0,"f:16:9:16:25":1,"s:17:14:17:Infinity":2,"s:18:15:18:Infinity":3,"s:19:2:19:Infinity":4,"s:20:2:20:Infinity":5,"s:21:2:21:Infinity":6,"s:22:2:22:Infinity":7,"s:23:2:23:Infinity":8,"s:24:2:24:Infinity":9,"f:28:16:28:33":2,"s:29:8:29:Infinity":10,"b:30:2:30:Infinity:undefined:undefined:undefined:undefined":1,"s:30:2:30:Infinity":11,"s:30:12:30:Infinity":12,"s:31:15:31:Infinity":13,"s:32:2:32:Infinity":14,"f:36:22:36:45":3,"s:37:14:37:Infinity":15,"s:38:19:38:Infinity":16,"s:40:2:45:Infinity":17,"s:41:10:41:Infinity":18,"b:42:4:42:Infinity:undefined:undefined:undefined:undefined":2,"s:42:4:42:Infinity":19,"s:42:14:42:Infinity":20,"s:43:4:43:Infinity":21,"s:44:4:44:Infinity":22,"b:47:2:47:Infinity:undefined:undefined:undefined:undefined":3,"s:47:2:47:Infinity":23,"s:47:24:47:Infinity":24,"s:48:15:48:Infinity":25,"s:49:2:49:Infinity":26,"s:50:2:50:Infinity":27},"fnNames":{}}}
,"D:\\Code\\Recite\\src\\utils\\categories.ts": {"path":"D:\\Code\\Recite\\src\\utils\\categories.ts","statementMap":{"0":{"start":{"line":18,"column":14},"end":{"line":18,"column":null}},"1":{"start":{"line":20,"column":2},"end":{"line":22,"column":null}},"2":{"start":{"line":21,"column":4},"end":{"line":21,"column":null}},"3":{"start":{"line":24,"column":32},"end":{"line":24,"column":null}},"4":{"start":{"line":25,"column":17},"end":{"line":25,"column":null}},"5":{"start":{"line":25,"column":50},"end":{"line":25,"column":75}},"6":{"start":{"line":27,"column":2},"end":{"line":34,"column":null}},"7":{"start":{"line":28,"column":4},"end":{"line":33,"column":null}},"8":{"start":{"line":29,"column":21},"end":{"line":29,"column":null}},"9":{"start":{"line":30,"column":6},"end":{"line":30,"column":null}},"10":{"start":{"line":32,"column":6},"end":{"line":32,"column":null}},"11":{"start":{"line":35,"column":2},"end":{"line":35,"column":null}},"12":{"start":{"line":43,"column":27},"end":{"line":43,"column":null}},"13":{"start":{"line":44,"column":19},"end":{"line":46,"column":null}},"14":{"start":{"line":45,"column":21},"end":{"line":45,"column":40}},"15":{"start":{"line":46,"column":18},"end":{"line":46,"column":24}},"16":{"start":{"line":48,"column":2},"end":{"line":50,"column":null}},"17":{"start":{"line":49,"column":4},"end":{"line":49,"column":null}},"18":{"start":{"line":51,"column":2},"end":{"line":51,"column":null}},"19":{"start":{"line":59,"column":2},"end":{"line":59,"column":null}},"20":{"start":{"line":59,"column":36},"end":{"line":59,"column":55}},"21":{"start":{"line":59,"column":70},"end":{"line":59,"column":76}},"22":{"start":{"line":64,"column":2},"end":{"line":64,"column":null}},"23":{"start":{"line":64,"column":11},"end":{"line":64,"column":null}},"24":{"start":{"line":65,"column":2},"end":{"line":65,"column":null}},"25":{"start":{"line":65,"column":34},"end":{"line":65,"column":47}},"26":{"start":{"line":74,"column":2},"end":{"line":74,"column":null}},"27":{"start":{"line":74,"column":56},"end":{"line":74,"column":null}},"28":{"start":{"line":75,"column":2},"end":{"line":75,"column":null}},"29":{"start":{"line":80,"column":18},"end":{"line":80,"column":null}},"30":{"start":{"line":81,"column":2},"end":{"line":81,"column":null}},"31":{"start":{"line":81,"column":16},"end":{"line":81,"column":null}},"32":{"start":{"line":82,"column":2},"end":{"line":82,"column":null}},"33":{"start":{"line":82,"column":27},"end":{"line":82,"column":null}},"34":{"start":{"line":83,"column":2},"end":{"line":83,"column":null}},"35":{"start":{"line":88,"column":2},"end":{"line":88,"column":null}},"36":{"start":{"line":88,"column":32},"end":{"line":88,"column":null}},"37":{"start":{"line":89,"column":2},"end":{"line":89,"column":null}},"38":{"start":{"line":94,"column":2},"end":{"line":94,"column":null}},"39":{"start":{"line":94,"column":41},"end":{"line":94,"column":71}}},"fnMap":{"0":{"name":"buildCategoryTree","decl":{"start":{"line":17,"column":16},"end":{"line":17,"column":34}},"loc":{"start":{"line":17,"column":80},"end":{"line":36,"column":null}},"line":17},"1":{"name":"(anonymous_1)","decl":{"start":{"line":20,"column":21},"end":{"line":20,"column":22}},"loc":{"start":{"line":20,"column":30},"end":{"line":22,"column":3}},"line":20},"2":{"name":"(anonymous_2)","decl":{"start":{"line":25,"column":40},"end":{"line":25,"column":41}},"loc":{"start":{"line":25,"column":50},"end":{"line":25,"column":75}},"line":25},"3":{"name":"(anonymous_3)","decl":{"start":{"line":27,"column":17},"end":{"line":27,"column":18}},"loc":{"start":{"line":27,"column":27},"end":{"line":34,"column":3}},"line":27},"4":{"name":"getCategorySubtreeIds","decl":{"start":{"line":42,"column":16},"end":{"line":42,"column":38}},"loc":{"start":{"line":42,"column":90},"end":{"line":52,"column":null}},"line":42},"5":{"name":"(anonymous_5)","decl":{"start":{"line":45,"column":12},"end":{"line":45,"column":13}},"loc":{"start":{"line":45,"column":21},"end":{"line":45,"column":40}},"line":45},"6":{"name":"(anonymous_6)","decl":{"start":{"line":46,"column":9},"end":{"line":46,"column":10}},"loc":{"start":{"line":46,"column":18},"end":{"line":46,"column":24}},"line":46},"7":{"name":"(anonymous_7)","decl":{"start":{"line":48,"column":19},"end":{"line":48,"column":20}},"loc":{"start":{"line":48,"column":32},"end":{"line":50,"column":3}},"line":48},"8":{"name":"getChildCategoryIds","decl":{"start":{"line":58,"column":16},"end":{"line":58,"column":36}},"loc":{"start":{"line":58,"column":88},"end":{"line":60,"column":null}},"line":58},"9":{"name":"(anonymous_9)","decl":{"start":{"line":59,"column":27},"end":{"line":59,"column":28}},"loc":{"start":{"line":59,"column":36},"end":{"line":59,"column":55}},"line":59},"10":{"name":"(anonymous_10)","decl":{"start":{"line":59,"column":61},"end":{"line":59,"column":62}},"loc":{"start":{"line":59,"column":70},"end":{"line":59,"column":76}},"line":59},"11":{"name":"getCategoryById","decl":{"start":{"line":63,"column":16},"end":{"line":63,"column":32}},"loc":{"start":{"line":63,"column":104},"end":{"line":66,"column":null}},"line":63},"12":{"name":"(anonymous_12)","decl":{"start":{"line":65,"column":25},"end":{"line":65,"column":26}},"loc":{"start":{"line":65,"column":34},"end":{"line":65,"column":47}},"line":65},"13":{"name":"wouldCreateCycle","decl":{"start":{"line":69,"column":16},"end":{"line":69,"column":null}},"loc":{"start":{"line":73,"column":11},"end":{"line":76,"column":null}},"line":73},"14":{"name":"validateCategoryName","decl":{"start":{"line":79,"column":16},"end":{"line":79,"column":37}},"loc":{"start":{"line":79,"column":66},"end":{"line":84,"column":null}},"line":79},"15":{"name":"validateCategoryDescription","decl":{"start":{"line":87,"column":16},"end":{"line":87,"column":44}},"loc":{"start":{"line":87,"column":80},"end":{"line":90,"column":null}},"line":87},"16":{"name":"nextSortOrder","decl":{"start":{"line":93,"column":16},"end":{"line":93,"column":30}},"loc":{"start":{"line":93,"column":68},"end":{"line":95,"column":null}},"line":93},"17":{"name":"(anonymous_17)","decl":{"start":{"line":94,"column":27},"end":{"line":94,"column":28}},"loc":{"start":{"line":94,"column":41},"end":{"line":94,"column":71}},"line":94}},"branchMap":{"0":{"loc":{"start":{"line":28,"column":4},"end":{"line":33,"column":null}},"type":"if","locations":[{"start":{"line":28,"column":4},"end":{"line":33,"column":null}},{"start":{"line":31,"column":11},"end":{"line":33,"column":null}}],"line":28},"1":{"loc":{"start":{"line":28,"column":8},"end":{"line":28,"column":49}},"type":"binary-expr","locations":[{"start":{"line":28,"column":8},"end":{"line":28,"column":25}},{"start":{"line":28,"column":25},"end":{"line":28,"column":49}}],"line":28},"2":{"loc":{"start":{"line":64,"column":2},"end":{"line":64,"column":null}},"type":"if","locations":[{"start":{"line":64,"column":2},"end":{"line":64,"column":null}},{"start":{},"end":{}}],"line":64},"3":{"loc":{"start":{"line":65,"column":9},"end":{"line":65,"column":null}},"type":"binary-expr","locations":[{"start":{"line":65,"column":9},"end":{"line":65,"column":52}},{"start":{"line":65,"column":52},"end":{"line":65,"column":null}}],"line":65},"4":{"loc":{"start":{"line":74,"column":2},"end":{"line":74,"column":null}},"type":"if","locations":[{"start":{"line":74,"column":2},"end":{"line":74,"column":null}},{"start":{},"end":{}}],"line":74},"5":{"loc":{"start":{"line":74,"column":6},"end":{"line":74,"column":56}},"type":"binary-expr","locations":[{"start":{"line":74,"column":6},"end":{"line":74,"column":30}},{"start":{"line":74,"column":30},"end":{"line":74,"column":56}}],"line":74},"6":{"loc":{"start":{"line":81,"column":2},"end":{"line":81,"column":null}},"type":"if","locations":[{"start":{"line":81,"column":2},"end":{"line":81,"column":null}},{"start":{},"end":{}}],"line":81},"7":{"loc":{"start":{"line":82,"column":2},"end":{"line":82,"column":null}},"type":"if","locations":[{"start":{"line":82,"column":2},"end":{"line":82,"column":null}},{"start":{},"end":{}}],"line":82},"8":{"loc":{"start":{"line":88,"column":2},"end":{"line":88,"column":null}},"type":"if","locations":[{"start":{"line":88,"column":2},"end":{"line":88,"column":null}},{"start":{},"end":{}}],"line":88}},"s":{"0":4,"1":4,"2":8,"3":4,"4":4,"5":8,"6":4,"7":8,"8":6,"9":6,"10":2,"11":4,"12":12,"13":12,"14":37,"15":7,"16":12,"17":7,"18":12,"19":1,"20":4,"21":2,"22":3,"23":1,"24":2,"25":2,"26":5,"27":2,"28":3,"29":5,"30":5,"31":2,"32":3,"33":1,"34":2,"35":2,"36":1,"37":1,"38":2,"39":2},"f":{"0":4,"1":8,"2":8,"3":8,"4":12,"5":37,"6":7,"7":7,"8":1,"9":4,"10":2,"11":3,"12":2,"13":5,"14":5,"15":2,"16":2,"17":2},"b":{"0":[6,2],"1":[8,6],"2":[1,2],"3":[2,1],"4":[2,3],"5":[5,4],"6":[2,3],"7":[1,2],"8":[1,1]},"meta":{"lastBranch":9,"lastFunction":18,"lastStatement":40,"seen":{"f:17:16:17:34":0,"s:18:14:18:Infinity":0,"s:20:2:22:Infinity":1,"f:20:21:20:22":1,"s:21:4:21:Infinity":2,"s:24:32:24:Infinity":3,"s:25:17:25:Infinity":4,"f:25:40:25:41":2,"s:25:50:25:75":5,"s:27:2:34:Infinity":6,"f:27:17:27:18":3,"b:28:4:33:Infinity:31:11:33:Infinity":0,"s:28:4:33:Infinity":7,"b:28:8:28:25:28:25:28:49":1,"s:29:21:29:Infinity":8,"s:30:6:30:Infinity":9,"s:32:6:32:Infinity":10,"s:35:2:35:Infinity":11,"f:42:16:42:38":4,"s:43:27:43:Infinity":12,"s:44:19:46:Infinity":13,"f:45:12:45:13":5,"s:45:21:45:40":14,"f:46:9:46:10":6,"s:46:18:46:24":15,"s:48:2:50:Infinity":16,"f:48:19:48:20":7,"s:49:4:49:Infinity":17,"s:51:2:51:Infinity":18,"f:58:16:58:36":8,"s:59:2:59:Infinity":19,"f:59:27:59:28":9,"s:59:36:59:55":20,"f:59:61:59:62":10,"s:59:70:59:76":21,"f:63:16:63:32":11,"b:64:2:64:Infinity:undefined:undefined:undefined:undefined":2,"s:64:2:64:Infinity":22,"s:64:11:64:Infinity":23,"s:65:2:65:Infinity":24,"b:65:9:65:52:65:52:65:Infinity":3,"f:65:25:65:26":12,"s:65:34:65:47":25,"f:69:16:69:Infinity":13,"b:74:2:74:Infinity:undefined:undefined:undefined:undefined":4,"s:74:2:74:Infinity":26,"b:74:6:74:30:74:30:74:56":5,"s:74:56:74:Infinity":27,"s:75:2:75:Infinity":28,"f:79:16:79:37":14,"s:80:18:80:Infinity":29,"b:81:2:81:Infinity:undefined:undefined:undefined:undefined":6,"s:81:2:81:Infinity":30,"s:81:16:81:Infinity":31,"b:82:2:82:Infinity:undefined:undefined:undefined:undefined":7,"s:82:2:82:Infinity":32,"s:82:27:82:Infinity":33,"s:83:2:83:Infinity":34,"f:87:16:87:44":15,"b:88:2:88:Infinity:undefined:undefined:undefined:undefined":8,"s:88:2:88:Infinity":35,"s:88:32:88:Infinity":36,"s:89:2:89:Infinity":37,"f:93:16:93:30":16,"s:94:2:94:Infinity":38,"f:94:27:94:28":17,"s:94:41:94:71":39},"fnNames":{}}}
,"D:\\Code\\Recite\\src\\utils\\docQuery.ts": {"path":"D:\\Code\\Recite\\src\\utils\\docQuery.ts","statementMap":{"0":{"start":{"line":12,"column":33},"end":{"line":12,"column":null}},"1":{"start":{"line":29,"column":2},"end":{"line":29,"column":null}},"2":{"start":{"line":29,"column":20},"end":{"line":29,"column":null}},"3":{"start":{"line":30,"column":2},"end":{"line":30,"column":null}},"4":{"start":{"line":30,"column":32},"end":{"line":30,"column":null}},"5":{"start":{"line":31,"column":2},"end":{"line":31,"column":null}},"6":{"start":{"line":31,"column":32},"end":{"line":31,"column":88}},"7":{"start":{"line":38,"column":13},"end":{"line":38,"column":null}},"8":{"start":{"line":39,"column":2},"end":{"line":39,"column":null}},"9":{"start":{"line":39,"column":11},"end":{"line":39,"column":null}},"10":{"start":{"line":40,"column":2},"end":{"line":40,"column":null}},"11":{"start":{"line":40,"column":32},"end":{"line":40,"column":69}},"12":{"start":{"line":47,"column":14},"end":{"line":47,"column":null}},"13":{"start":{"line":48,"column":15},"end":{"line":48,"column":null}},"14":{"start":{"line":49,"column":2},"end":{"line":54,"column":null}},"15":{"start":{"line":50,"column":4},"end":{"line":52,"column":null}},"16":{"start":{"line":51,"column":6},"end":{"line":51,"column":null}},"17":{"start":{"line":53,"column":4},"end":{"line":53,"column":null}},"18":{"start":{"line":55,"column":2},"end":{"line":55,"column":null}},"19":{"start":{"line":60,"column":8},"end":{"line":60,"column":null}},"20":{"start":{"line":61,"column":2},"end":{"line":61,"column":null}},"21":{"start":{"line":73,"column":13},"end":{"line":73,"column":null}},"22":{"start":{"line":74,"column":2},"end":{"line":74,"column":null}},"23":{"start":{"line":74,"column":11},"end":{"line":74,"column":null}},"24":{"start":{"line":76,"column":23},"end":{"line":78,"column":null}},"25":{"start":{"line":77,"column":27},"end":{"line":77,"column":64}},"26":{"start":{"line":77,"column":80},"end":{"line":77,"column":87}},"27":{"start":{"line":81,"column":35},"end":{"line":81,"column":null}},"28":{"start":{"line":82,"column":2},"end":{"line":88,"column":null}},"29":{"start":{"line":83,"column":4},"end":{"line":83,"column":null}},"30":{"start":{"line":83,"column":35},"end":{"line":83,"column":null}},"31":{"start":{"line":84,"column":20},"end":{"line":84,"column":null}},"32":{"start":{"line":85,"column":4},"end":{"line":87,"column":null}},"33":{"start":{"line":86,"column":6},"end":{"line":86,"column":null}},"34":{"start":{"line":90,"column":21},"end":{"line":90,"column":null}},"35":{"start":{"line":91,"column":2},"end":{"line":91,"column":null}},"36":{"start":{"line":91,"column":32},"end":{"line":91,"column":55}}},"fnMap":{"0":{"name":"filterByCategories","decl":{"start":{"line":28,"column":16},"end":{"line":28,"column":35}},"loc":{"start":{"line":28,"column":104},"end":{"line":32,"column":null}},"line":28},"1":{"name":"(anonymous_1)","decl":{"start":{"line":31,"column":22},"end":{"line":31,"column":23}},"loc":{"start":{"line":31,"column":32},"end":{"line":31,"column":88}},"line":31},"2":{"name":"filterByKeyword","decl":{"start":{"line":37,"column":16},"end":{"line":37,"column":32}},"loc":{"start":{"line":37,"column":88},"end":{"line":41,"column":null}},"line":37},"3":{"name":"(anonymous_3)","decl":{"start":{"line":40,"column":22},"end":{"line":40,"column":23}},"loc":{"start":{"line":40,"column":32},"end":{"line":40,"column":69}},"line":40},"4":{"name":"sortMetas","decl":{"start":{"line":46,"column":16},"end":{"line":46,"column":26}},"loc":{"start":{"line":46,"column":100},"end":{"line":56,"column":null}},"line":46},"5":{"name":"(anonymous_5)","decl":{"start":{"line":49,"column":12},"end":{"line":49,"column":13}},"loc":{"start":{"line":49,"column":22},"end":{"line":54,"column":3}},"line":49},"6":{"name":"paginate","decl":{"start":{"line":59,"column":16},"end":{"line":59,"column":28}},"loc":{"start":{"line":59,"column":76},"end":{"line":62,"column":null}},"line":59},"7":{"name":"fullTextSearch","decl":{"start":{"line":68,"column":22},"end":{"line":68,"column":null}},"loc":{"start":{"line":72,"column":27},"end":{"line":92,"column":null}},"line":72},"8":{"name":"(anonymous_8)","decl":{"start":{"line":77,"column":17},"end":{"line":77,"column":18}},"loc":{"start":{"line":77,"column":27},"end":{"line":77,"column":64}},"line":77},"9":{"name":"(anonymous_9)","decl":{"start":{"line":77,"column":70},"end":{"line":77,"column":71}},"loc":{"start":{"line":77,"column":80},"end":{"line":77,"column":87}},"line":77},"10":{"name":"(anonymous_10)","decl":{"start":{"line":91,"column":22},"end":{"line":91,"column":23}},"loc":{"start":{"line":91,"column":32},"end":{"line":91,"column":55}},"line":91}},"branchMap":{"0":{"loc":{"start":{"line":29,"column":2},"end":{"line":29,"column":null}},"type":"if","locations":[{"start":{"line":29,"column":2},"end":{"line":29,"column":null}},{"start":{},"end":{}}],"line":29},"1":{"loc":{"start":{"line":30,"column":2},"end":{"line":30,"column":null}},"type":"if","locations":[{"start":{"line":30,"column":2},"end":{"line":30,"column":null}},{"start":{},"end":{}}],"line":30},"2":{"loc":{"start":{"line":31,"column":32},"end":{"line":31,"column":88}},"type":"binary-expr","locations":[{"start":{"line":31,"column":32},"end":{"line":31,"column":51}},{"start":{"line":31,"column":51},"end":{"line":31,"column":88}}],"line":31},"3":{"loc":{"start":{"line":39,"column":2},"end":{"line":39,"column":null}},"type":"if","locations":[{"start":{"line":39,"column":2},"end":{"line":39,"column":null}},{"start":{},"end":{}}],"line":39},"4":{"loc":{"start":{"line":47,"column":14},"end":{"line":47,"column":null}},"type":"cond-expr","locations":[{"start":{"line":47,"column":34},"end":{"line":47,"column":38}},{"start":{"line":47,"column":38},"end":{"line":47,"column":null}}],"line":47},"5":{"loc":{"start":{"line":50,"column":4},"end":{"line":52,"column":null}},"type":"if","locations":[{"start":{"line":50,"column":4},"end":{"line":52,"column":null}},{"start":{},"end":{}}],"line":50},"6":{"loc":{"start":{"line":74,"column":2},"end":{"line":74,"column":null}},"type":"if","locations":[{"start":{"line":74,"column":2},"end":{"line":74,"column":null}},{"start":{},"end":{}}],"line":74},"7":{"loc":{"start":{"line":83,"column":4},"end":{"line":83,"column":null}},"type":"if","locations":[{"start":{"line":83,"column":4},"end":{"line":83,"column":null}},{"start":{},"end":{}}],"line":83},"8":{"loc":{"start":{"line":85,"column":4},"end":{"line":87,"column":null}},"type":"if","locations":[{"start":{"line":85,"column":4},"end":{"line":87,"column":null}},{"start":{},"end":{}}],"line":85},"9":{"loc":{"start":{"line":85,"column":8},"end":{"line":85,"column":55}},"type":"binary-expr","locations":[{"start":{"line":85,"column":8},"end":{"line":85,"column":19}},{"start":{"line":85,"column":19},"end":{"line":85,"column":55}}],"line":85}},"s":{"0":2,"1":7,"2":2,"3":5,"4":1,"5":4,"6":12,"7":6,"8":6,"9":2,"10":4,"11":8,"12":9,"13":9,"14":9,"15":28,"16":12,"17":16,"18":9,"19":6,"20":6,"21":5,"22":5,"23":1,"24":4,"25":11,"26":1,"27":4,"28":4,"29":11,"30":1,"31":10,"32":10,"33":3,"34":4,"35":4,"36":11},"f":{"0":7,"1":12,"2":6,"3":8,"4":9,"5":28,"6":6,"7":5,"8":11,"9":1,"10":11},"b":{"0":[2,5],"1":[1,4],"2":[12,9],"3":[2,4],"4":[6,3],"5":[12,16],"6":[1,4],"7":[1,10],"8":[3,7],"9":[10,5]},"meta":{"lastBranch":10,"lastFunction":11,"lastStatement":37,"seen":{"s:12:33:12:Infinity":0,"f:28:16:28:35":0,"b:29:2:29:Infinity:undefined:undefined:undefined:undefined":0,"s:29:2:29:Infinity":1,"s:29:20:29:Infinity":2,"b:30:2:30:Infinity:undefined:undefined:undefined:undefined":1,"s:30:2:30:Infinity":3,"s:30:32:30:Infinity":4,"s:31:2:31:Infinity":5,"f:31:22:31:23":1,"s:31:32:31:88":6,"b:31:32:31:51:31:51:31:88":2,"f:37:16:37:32":2,"s:38:13:38:Infinity":7,"b:39:2:39:Infinity:undefined:undefined:undefined:undefined":3,"s:39:2:39:Infinity":8,"s:39:11:39:Infinity":9,"s:40:2:40:Infinity":10,"f:40:22:40:23":3,"s:40:32:40:69":11,"f:46:16:46:26":4,"s:47:14:47:Infinity":12,"b:47:34:47:38:47:38:47:Infinity":4,"s:48:15:48:Infinity":13,"s:49:2:54:Infinity":14,"f:49:12:49:13":5,"b:50:4:52:Infinity:undefined:undefined:undefined:undefined":5,"s:50:4:52:Infinity":15,"s:51:6:51:Infinity":16,"s:53:4:53:Infinity":17,"s:55:2:55:Infinity":18,"f:59:16:59:28":6,"s:60:8:60:Infinity":19,"s:61:2:61:Infinity":20,"f:68:22:68:Infinity":7,"s:73:13:73:Infinity":21,"b:74:2:74:Infinity:undefined:undefined:undefined:undefined":6,"s:74:2:74:Infinity":22,"s:74:11:74:Infinity":23,"s:76:23:78:Infinity":24,"f:77:17:77:18":8,"s:77:27:77:64":25,"f:77:70:77:71":9,"s:77:80:77:87":26,"s:81:35:81:Infinity":27,"s:82:2:88:Infinity":28,"b:83:4:83:Infinity:undefined:undefined:undefined:undefined":7,"s:83:4:83:Infinity":29,"s:83:35:83:Infinity":30,"s:84:20:84:Infinity":31,"b:85:4:87:Infinity:undefined:undefined:undefined:undefined":8,"s:85:4:87:Infinity":32,"b:85:8:85:19:85:19:85:55":9,"s:86:6:86:Infinity":33,"s:90:21:90:Infinity":34,"s:91:2:91:Infinity":35,"f:91:22:91:23":10,"s:91:32:91:55":36},"fnNames":{}}}
,"D:\\Code\\Recite\\src\\utils\\quiz.ts": {"path":"D:\\Code\\Recite\\src\\utils\\quiz.ts","statementMap":{"0":{"start":{"line":31,"column":22},"end":{"line":31,"column":null}},"1":{"start":{"line":33,"column":19},"end":{"line":33,"column":null}},"2":{"start":{"line":35,"column":32},"end":{"line":35,"column":null}},"3":{"start":{"line":42,"column":17},"end":{"line":42,"column":null}},"4":{"start":{"line":43,"column":14},"end":{"line":43,"column":null}},"5":{"start":{"line":44,"column":16},"end":{"line":44,"column":null}},"6":{"start":{"line":45,"column":26},"end":{"line":45,"column":null}},"7":{"start":{"line":46,"column":15},"end":{"line":46,"column":null}},"8":{"start":{"line":48,"column":2},"end":{"line":54,"column":null}},"9":{"start":{"line":49,"column":10},"end":{"line":49,"column":null}},"10":{"start":{"line":50,"column":4},"end":{"line":50,"column":null}},"11":{"start":{"line":50,"column":15},"end":{"line":50,"column":null}},"12":{"start":{"line":51,"column":4},"end":{"line":51,"column":null}},"13":{"start":{"line":51,"column":24},"end":{"line":51,"column":null}},"14":{"start":{"line":52,"column":4},"end":{"line":52,"column":null}},"15":{"start":{"line":53,"column":4},"end":{"line":53,"column":null}},"16":{"start":{"line":55,"column":2},"end":{"line":55,"column":null}},"17":{"start":{"line":64,"column":17},"end":{"line":64,"column":null}},"18":{"start":{"line":65,"column":14},"end":{"line":65,"column":null}},"19":{"start":{"line":66,"column":16},"end":{"line":66,"column":null}},"20":{"start":{"line":67,"column":28},"end":{"line":67,"column":null}},"21":{"start":{"line":68,"column":15},"end":{"line":68,"column":null}},"22":{"start":{"line":70,"column":2},"end":{"line":80,"column":null}},"23":{"start":{"line":71,"column":10},"end":{"line":71,"column":null}},"24":{"start":{"line":72,"column":4},"end":{"line":72,"column":null}},"25":{"start":{"line":72,"column":33},"end":{"line":72,"column":null}},"26":{"start":{"line":73,"column":4},"end":{"line":73,"column":null}},"27":{"start":{"line":75,"column":22},"end":{"line":75,"column":null}},"28":{"start":{"line":76,"column":10},"end":{"line":76,"column":null}},"29":{"start":{"line":77,"column":19},"end":{"line":77,"column":null}},"30":{"start":{"line":78,"column":20},"end":{"line":78,"column":null}},"31":{"start":{"line":79,"column":4},"end":{"line":79,"column":null}},"32":{"start":{"line":82,"column":2},"end":{"line":82,"column":null}},"33":{"start":{"line":87,"column":31},"end":{"line":87,"column":null}},"34":{"start":{"line":88,"column":2},"end":{"line":90,"column":null}},"35":{"start":{"line":89,"column":4},"end":{"line":89,"column":null}},"36":{"start":{"line":91,"column":2},"end":{"line":96,"column":null}},"37":{"start":{"line":92,"column":4},"end":{"line":92,"column":null}},"38":{"start":{"line":93,"column":4},"end":{"line":95,"column":null}},"39":{"start":{"line":94,"column":6},"end":{"line":94,"column":null}},"40":{"start":{"line":97,"column":2},"end":{"line":97,"column":null}},"41":{"start":{"line":105,"column":16},"end":{"line":105,"column":null}},"42":{"start":{"line":106,"column":2},"end":{"line":110,"column":null}},"43":{"start":{"line":107,"column":4},"end":{"line":109,"column":null}},"44":{"start":{"line":108,"column":6},"end":{"line":108,"column":null}},"45":{"start":{"line":111,"column":2},"end":{"line":111,"column":null}},"46":{"start":{"line":116,"column":37},"end":{"line":116,"column":null}},"47":{"start":{"line":117,"column":2},"end":{"line":122,"column":null}},"48":{"start":{"line":118,"column":4},"end":{"line":120,"column":null}},"49":{"start":{"line":119,"column":6},"end":{"line":119,"column":null}},"50":{"start":{"line":121,"column":4},"end":{"line":121,"column":null}},"51":{"start":{"line":124,"column":19},"end":{"line":124,"column":null}},"52":{"start":{"line":125,"column":20},"end":{"line":125,"column":null}},"53":{"start":{"line":127,"column":2},"end":{"line":134,"column":null}},"54":{"start":{"line":129,"column":4},"end":{"line":133,"column":null}},"55":{"start":{"line":130,"column":6},"end":{"line":130,"column":null}},"56":{"start":{"line":132,"column":6},"end":{"line":132,"column":null}},"57":{"start":{"line":135,"column":2},"end":{"line":135,"column":null}},"58":{"start":{"line":140,"column":14},"end":{"line":140,"column":null}},"59":{"start":{"line":141,"column":2},"end":{"line":144,"column":null}},"60":{"start":{"line":141,"column":15},"end":{"line":141,"column":31}},"61":{"start":{"line":142,"column":14},"end":{"line":142,"column":null}},"62":{"start":{"line":143,"column":4},"end":{"line":143,"column":null}},"63":{"start":{"line":145,"column":2},"end":{"line":145,"column":null}},"64":{"start":{"line":153,"column":16},"end":{"line":153,"column":null}},"65":{"start":{"line":154,"column":17},"end":{"line":154,"column":null}},"66":{"start":{"line":155,"column":18},"end":{"line":155,"column":null}},"67":{"start":{"line":156,"column":2},"end":{"line":156,"column":null}},"68":{"start":{"line":164,"column":12},"end":{"line":164,"column":null}},"69":{"start":{"line":165,"column":2},"end":{"line":165,"column":null}},"70":{"start":{"line":165,"column":15},"end":{"line":165,"column":null}},"71":{"start":{"line":166,"column":2},"end":{"line":169,"column":null}},"72":{"start":{"line":166,"column":20},"end":{"line":166,"column":23}},"73":{"start":{"line":167,"column":10},"end":{"line":167,"column":null}},"74":{"start":{"line":168,"column":4},"end":{"line":168,"column":null}},"75":{"start":{"line":168,"column":36},"end":{"line":168,"column":null}},"76":{"start":{"line":170,"column":2},"end":{"line":170,"column":null}},"77":{"start":{"line":175,"column":31},"end":{"line":175,"column":null}},"78":{"start":{"line":176,"column":33},"end":{"line":176,"column":null}},"79":{"start":{"line":177,"column":2},"end":{"line":183,"column":null}},"80":{"start":{"line":178,"column":4},"end":{"line":182,"column":null}},"81":{"start":{"line":179,"column":6},"end":{"line":179,"column":null}},"82":{"start":{"line":181,"column":6},"end":{"line":181,"column":null}},"83":{"start":{"line":184,"column":2},"end":{"line":184,"column":null}},"84":{"start":{"line":197,"column":2},"end":{"line":208,"column":null}},"85":{"start":{"line":213,"column":2},"end":{"line":220,"column":null}},"86":{"start":{"line":213,"column":30},"end":{"line":220,"column":4}}},"fnMap":{"0":{"name":"extractHighlightTexts","decl":{"start":{"line":41,"column":16},"end":{"line":41,"column":38}},"loc":{"start":{"line":41,"column":62},"end":{"line":56,"column":null}},"line":41},"1":{"name":"(anonymous_1)","decl":{"start":{"line":48,"column":16},"end":{"line":48,"column":17}},"loc":{"start":{"line":48,"column":26},"end":{"line":54,"column":3}},"line":48},"2":{"name":"extractHighlightContexts","decl":{"start":{"line":63,"column":16},"end":{"line":63,"column":41}},"loc":{"start":{"line":63,"column":82},"end":{"line":83,"column":null}},"line":63},"3":{"name":"(anonymous_3)","decl":{"start":{"line":70,"column":16},"end":{"line":70,"column":17}},"loc":{"start":{"line":70,"column":33},"end":{"line":80,"column":3}},"line":70},"4":{"name":"getSentenceContainer","decl":{"start":{"line":86,"column":9},"end":{"line":86,"column":30}},"loc":{"start":{"line":86,"column":54},"end":{"line":98,"column":null}},"line":86},"5":{"name":"buildPrompt","decl":{"start":{"line":104,"column":9},"end":{"line":104,"column":21}},"loc":{"start":{"line":104,"column":69},"end":{"line":112,"column":null}},"line":104},"6":{"name":"(anonymous_6)","decl":{"start":{"line":106,"column":47},"end":{"line":106,"column":48}},"loc":{"start":{"line":106,"column":54},"end":{"line":110,"column":3}},"line":106},"7":{"name":"getNearestHeading","decl":{"start":{"line":115,"column":9},"end":{"line":115,"column":27}},"loc":{"start":{"line":115,"column":77},"end":{"line":136,"column":null}},"line":115},"8":{"name":"shuffle","decl":{"start":{"line":139,"column":16},"end":{"line":139,"column":27}},"loc":{"start":{"line":139,"column":53},"end":{"line":146,"column":null}},"line":139},"9":{"name":"buildQuizQueue","decl":{"start":{"line":152,"column":16},"end":{"line":152,"column":31}},"loc":{"start":{"line":152,"column":86},"end":{"line":157,"column":null}},"line":152},"10":{"name":"nextUnansweredIndex","decl":{"start":{"line":163,"column":16},"end":{"line":163,"column":36}},"loc":{"start":{"line":163,"column":86},"end":{"line":171,"column":null}},"line":163},"11":{"name":"summarizeResults","decl":{"start":{"line":174,"column":16},"end":{"line":174,"column":33}},"loc":{"start":{"line":174,"column":84},"end":{"line":185,"column":null}},"line":174},"12":{"name":"(anonymous_12)","decl":{"start":{"line":177,"column":16},"end":{"line":177,"column":17}},"loc":{"start":{"line":177,"column":33},"end":{"line":183,"column":3}},"line":177},"13":{"name":"toUnmasteredItem","decl":{"start":{"line":191,"column":16},"end":{"line":191,"column":null}},"loc":{"start":{"line":196,"column":18},"end":{"line":209,"column":null}},"line":196},"14":{"name":"buildReviewQueue","decl":{"start":{"line":212,"column":16},"end":{"line":212,"column":33}},"loc":{"start":{"line":212,"column":70},"end":{"line":221,"column":null}},"line":212},"15":{"name":"(anonymous_15)","decl":{"start":{"line":213,"column":19},"end":{"line":213,"column":20}},"loc":{"start":{"line":213,"column":30},"end":{"line":220,"column":4}},"line":213}},"branchMap":{"0":{"loc":{"start":{"line":49,"column":18},"end":{"line":49,"column":42}},"type":"binary-expr","locations":[{"start":{"line":49,"column":18},"end":{"line":49,"column":38}},{"start":{"line":49,"column":38},"end":{"line":49,"column":42}}],"line":49},"1":{"loc":{"start":{"line":50,"column":4},"end":{"line":50,"column":null}},"type":"if","locations":[{"start":{"line":50,"column":4},"end":{"line":50,"column":null}},{"start":{},"end":{}}],"line":50},"2":{"loc":{"start":{"line":51,"column":4},"end":{"line":51,"column":null}},"type":"if","locations":[{"start":{"line":51,"column":4},"end":{"line":51,"column":null}},{"start":{},"end":{}}],"line":51},"3":{"loc":{"start":{"line":71,"column":18},"end":{"line":71,"column":42}},"type":"binary-expr","locations":[{"start":{"line":71,"column":18},"end":{"line":71,"column":38}},{"start":{"line":71,"column":38},"end":{"line":71,"column":42}}],"line":71},"4":{"loc":{"start":{"line":72,"column":4},"end":{"line":72,"column":null}},"type":"if","locations":[{"start":{"line":72,"column":4},"end":{"line":72,"column":null}},{"start":{},"end":{}}],"line":72},"5":{"loc":{"start":{"line":72,"column":8},"end":{"line":72,"column":33}},"type":"binary-expr","locations":[{"start":{"line":72,"column":8},"end":{"line":72,"column":17}},{"start":{"line":72,"column":17},"end":{"line":72,"column":33}}],"line":72},"6":{"loc":{"start":{"line":76,"column":22},"end":{"line":76,"column":51}},"type":"binary-expr","locations":[{"start":{"line":76,"column":22},"end":{"line":76,"column":47}},{"start":{"line":76,"column":47},"end":{"line":76,"column":51}}],"line":76},"7":{"loc":{"start":{"line":88,"column":9},"end":{"line":88,"column":48}},"type":"binary-expr","locations":[{"start":{"line":88,"column":9},"end":{"line":88,"column":15}},{"start":{"line":88,"column":15},"end":{"line":88,"column":48}}],"line":88},"8":{"loc":{"start":{"line":91,"column":2},"end":{"line":96,"column":null}},"type":"if","locations":[{"start":{"line":91,"column":2},"end":{"line":96,"column":null}},{"start":{},"end":{}}],"line":91},"9":{"loc":{"start":{"line":93,"column":11},"end":{"line":93,"column":47}},"type":"binary-expr","locations":[{"start":{"line":93,"column":11},"end":{"line":93,"column":17}},{"start":{"line":93,"column":17},"end":{"line":93,"column":47}}],"line":93},"10":{"loc":{"start":{"line":97,"column":9},"end":{"line":97,"column":null}},"type":"binary-expr","locations":[{"start":{"line":97,"column":9},"end":{"line":97,"column":15}},{"start":{"line":97,"column":15},"end":{"line":97,"column":null}}],"line":97},"11":{"loc":{"start":{"line":107,"column":4},"end":{"line":109,"column":null}},"type":"if","locations":[{"start":{"line":107,"column":4},"end":{"line":109,"column":null}},{"start":{},"end":{}}],"line":107},"12":{"loc":{"start":{"line":107,"column":9},"end":{"line":107,"column":30}},"type":"binary-expr","locations":[{"start":{"line":107,"column":9},"end":{"line":107,"column":26}},{"start":{"line":107,"column":26},"end":{"line":107,"column":30}}],"line":107},"13":{"loc":{"start":{"line":111,"column":10},"end":{"line":111,"column":35}},"type":"binary-expr","locations":[{"start":{"line":111,"column":10},"end":{"line":111,"column":31}},{"start":{"line":111,"column":31},"end":{"line":111,"column":35}}],"line":111},"14":{"loc":{"start":{"line":118,"column":4},"end":{"line":120,"column":null}},"type":"if","locations":[{"start":{"line":118,"column":4},"end":{"line":120,"column":null}},{"start":{},"end":{}}],"line":118},"15":{"loc":{"start":{"line":119,"column":13},"end":{"line":119,"column":null}},"type":"binary-expr","locations":[{"start":{"line":119,"column":13},"end":{"line":119,"column":45}},{"start":{"line":119,"column":45},"end":{"line":119,"column":null}}],"line":119},"16":{"loc":{"start":{"line":129,"column":4},"end":{"line":133,"column":null}},"type":"if","locations":[{"start":{"line":129,"column":4},"end":{"line":133,"column":null}},{"start":{"line":131,"column":11},"end":{"line":133,"column":null}}],"line":129},"17":{"loc":{"start":{"line":135,"column":9},"end":{"line":135,"column":null}},"type":"binary-expr","locations":[{"start":{"line":135,"column":9},"end":{"line":135,"column":38}},{"start":{"line":135,"column":38},"end":{"line":135,"column":null}}],"line":135},"18":{"loc":{"start":{"line":152,"column":60},"end":{"line":152,"column":86}},"type":"default-arg","locations":[{"start":{"line":152,"column":71},"end":{"line":152,"column":86}}],"line":152},"19":{"loc":{"start":{"line":155,"column":18},"end":{"line":155,"column":null}},"type":"cond-expr","locations":[{"start":{"line":155,"column":33},"end":{"line":155,"column":61}},{"start":{"line":155,"column":61},"end":{"line":155,"column":null}}],"line":155},"20":{"loc":{"start":{"line":165,"column":2},"end":{"line":165,"column":null}},"type":"if","locations":[{"start":{"line":165,"column":2},"end":{"line":165,"column":null}},{"start":{},"end":{}}],"line":165},"21":{"loc":{"start":{"line":168,"column":4},"end":{"line":168,"column":null}},"type":"if","locations":[{"start":{"line":168,"column":4},"end":{"line":168,"column":null}},{"start":{},"end":{}}],"line":168},"22":{"loc":{"start":{"line":178,"column":4},"end":{"line":182,"column":null}},"type":"if","locations":[{"start":{"line":178,"column":4},"end":{"line":182,"column":null}},{"start":{"line":180,"column":11},"end":{"line":182,"column":null}}],"line":178}},"s":{"0":1,"1":1,"2":1,"3":2,"4":2,"5":2,"6":2,"7":2,"8":2,"9":4,"10":4,"11":1,"12":3,"13":1,"14":2,"15":2,"16":2,"17":8,"18":8,"19":8,"20":8,"21":8,"22":8,"23":15,"24":15,"25":1,"26":14,"27":14,"28":14,"29":15,"30":15,"31":15,"32":8,"33":14,"34":14,"35":22,"36":14,"37":10,"38":10,"39":18,"40":14,"41":14,"42":14,"43":7,"44":5,"45":14,"46":14,"47":14,"48":34,"49":0,"50":34,"51":14,"52":14,"53":14,"54":4,"55":4,"56":0,"57":14,"58":7,"59":7,"60":7,"61":17,"62":17,"63":7,"64":3,"65":3,"66":3,"67":3,"68":3,"69":3,"70":0,"71":3,"72":3,"73":6,"74":6,"75":2,"76":1,"77":2,"78":2,"79":2,"80":3,"81":2,"82":1,"83":2,"84":2,"85":1,"86":1},"f":{"0":2,"1":4,"2":8,"3":15,"4":14,"5":14,"6":7,"7":14,"8":7,"9":3,"10":3,"11":2,"12":3,"13":2,"14":1,"15":1},"b":{"0":[4,0],"1":[1,3],"2":[1,2],"3":[15,0],"4":[1,14],"5":[15,15],"6":[14,0],"7":[14,26],"8":[10,4],"9":[10,19],"10":[14,9],"11":[5,2],"12":[7,0],"13":[14,0],"14":[0,34],"15":[0,0],"16":[4,0],"17":[14,10],"18":[3],"19":[1,2],"20":[0,3],"21":[2,4],"22":[2,1]},"meta":{"lastBranch":23,"lastFunction":16,"lastStatement":87,"seen":{"s:31:22:31:Infinity":0,"s:33:19:33:Infinity":1,"s:35:32:35:Infinity":2,"f:41:16:41:38":0,"s:42:17:42:Infinity":3,"s:43:14:43:Infinity":4,"s:44:16:44:Infinity":5,"s:45:26:45:Infinity":6,"s:46:15:46:Infinity":7,"s:48:2:54:Infinity":8,"f:48:16:48:17":1,"s:49:10:49:Infinity":9,"b:49:18:49:38:49:38:49:42":0,"b:50:4:50:Infinity:undefined:undefined:undefined:undefined":1,"s:50:4:50:Infinity":10,"s:50:15:50:Infinity":11,"b:51:4:51:Infinity:undefined:undefined:undefined:undefined":2,"s:51:4:51:Infinity":12,"s:51:24:51:Infinity":13,"s:52:4:52:Infinity":14,"s:53:4:53:Infinity":15,"s:55:2:55:Infinity":16,"f:63:16:63:41":2,"s:64:17:64:Infinity":17,"s:65:14:65:Infinity":18,"s:66:16:66:Infinity":19,"s:67:28:67:Infinity":20,"s:68:15:68:Infinity":21,"s:70:2:80:Infinity":22,"f:70:16:70:17":3,"s:71:10:71:Infinity":23,"b:71:18:71:38:71:38:71:42":3,"b:72:4:72:Infinity:undefined:undefined:undefined:undefined":4,"s:72:4:72:Infinity":24,"b:72:8:72:17:72:17:72:33":5,"s:72:33:72:Infinity":25,"s:73:4:73:Infinity":26,"s:75:22:75:Infinity":27,"s:76:10:76:Infinity":28,"b:76:22:76:47:76:47:76:51":6,"s:77:19:77:Infinity":29,"s:78:20:78:Infinity":30,"s:79:4:79:Infinity":31,"s:82:2:82:Infinity":32,"f:86:9:86:30":4,"s:87:31:87:Infinity":33,"s:88:2:90:Infinity":34,"b:88:9:88:15:88:15:88:48":7,"s:89:4:89:Infinity":35,"b:91:2:96:Infinity:undefined:undefined:undefined:undefined":8,"s:91:2:96:Infinity":36,"s:92:4:92:Infinity":37,"s:93:4:95:Infinity":38,"b:93:11:93:17:93:17:93:47":9,"s:94:6:94:Infinity":39,"s:97:2:97:Infinity":40,"b:97:9:97:15:97:15:97:Infinity":10,"f:104:9:104:21":5,"s:105:16:105:Infinity":41,"s:106:2:110:Infinity":42,"f:106:47:106:48":6,"b:107:4:109:Infinity:undefined:undefined:undefined:undefined":11,"s:107:4:109:Infinity":43,"b:107:9:107:26:107:26:107:30":12,"s:108:6:108:Infinity":44,"s:111:2:111:Infinity":45,"b:111:10:111:31:111:31:111:35":13,"f:115:9:115:27":7,"s:116:37:116:Infinity":46,"s:117:2:122:Infinity":47,"b:118:4:120:Infinity:undefined:undefined:undefined:undefined":14,"s:118:4:120:Infinity":48,"s:119:6:119:Infinity":49,"b:119:13:119:45:119:45:119:Infinity":15,"s:121:4:121:Infinity":50,"s:124:19:124:Infinity":51,"s:125:20:125:Infinity":52,"s:127:2:134:Infinity":53,"b:129:4:133:Infinity:131:11:133:Infinity":16,"s:129:4:133:Infinity":54,"s:130:6:130:Infinity":55,"s:132:6:132:Infinity":56,"s:135:2:135:Infinity":57,"b:135:9:135:38:135:38:135:Infinity":17,"f:139:16:139:27":8,"s:140:14:140:Infinity":58,"s:141:2:144:Infinity":59,"s:141:15:141:31":60,"s:142:14:142:Infinity":61,"s:143:4:143:Infinity":62,"s:145:2:145:Infinity":63,"f:152:16:152:31":9,"b:152:71:152:86":18,"s:153:16:153:Infinity":64,"s:154:17:154:Infinity":65,"s:155:18:155:Infinity":66,"b:155:33:155:61:155:61:155:Infinity":19,"s:156:2:156:Infinity":67,"f:163:16:163:36":10,"s:164:12:164:Infinity":68,"b:165:2:165:Infinity:undefined:undefined:undefined:undefined":20,"s:165:2:165:Infinity":69,"s:165:15:165:Infinity":70,"s:166:2:169:Infinity":71,"s:166:20:166:23":72,"s:167:10:167:Infinity":73,"b:168:4:168:Infinity:undefined:undefined:undefined:undefined":21,"s:168:4:168:Infinity":74,"s:168:36:168:Infinity":75,"s:170:2:170:Infinity":76,"f:174:16:174:33":11,"s:175:31:175:Infinity":77,"s:176:33:176:Infinity":78,"s:177:2:183:Infinity":79,"f:177:16:177:17":12,"b:178:4:182:Infinity:180:11:182:Infinity":22,"s:178:4:182:Infinity":80,"s:179:6:179:Infinity":81,"s:181:6:181:Infinity":82,"s:184:2:184:Infinity":83,"f:191:16:191:Infinity":13,"s:197:2:208:Infinity":84,"f:212:16:212:33":14,"s:213:2:220:Infinity":85,"f:213:19:213:20":15,"s:213:30:220:4":86},"fnNames":{}}}
,"D:\\Code\\Recite\\src\\utils\\sanitizeHtml.ts": {"path":"D:\\Code\\Recite\\src\\utils\\sanitizeHtml.ts","statementMap":{"0":{"start":{"line":1,"column":23},"end":{"line":15,"column":null}},"1":{"start":{"line":17,"column":29},"end":{"line":97,"column":null}},"2":{"start":{"line":99,"column":23},"end":{"line":99,"column":null}},"3":{"start":{"line":102,"column":21},"end":{"line":102,"column":null}},"4":{"start":{"line":103,"column":2},"end":{"line":103,"column":null}},"5":{"start":{"line":107,"column":17},"end":{"line":107,"column":null}},"6":{"start":{"line":108,"column":14},"end":{"line":108,"column":null}},"7":{"start":{"line":110,"column":17},"end":{"line":110,"column":null}},"8":{"start":{"line":111,"column":35},"end":{"line":111,"column":null}},"9":{"start":{"line":113,"column":20},"end":{"line":113,"column":null}},"10":{"start":{"line":114,"column":2},"end":{"line":131,"column":null}},"11":{"start":{"line":115,"column":20},"end":{"line":115,"column":null}},"12":{"start":{"line":117,"column":4},"end":{"line":128,"column":null}},"13":{"start":{"line":118,"column":6},"end":{"line":118,"column":null}},"14":{"start":{"line":120,"column":6},"end":{"line":127,"column":null}},"15":{"start":{"line":121,"column":25},"end":{"line":121,"column":null}},"16":{"start":{"line":122,"column":8},"end":{"line":126,"column":null}},"17":{"start":{"line":123,"column":10},"end":{"line":123,"column":null}},"18":{"start":{"line":124,"column":8},"end":{"line":126,"column":null}},"19":{"start":{"line":125,"column":10},"end":{"line":125,"column":null}},"20":{"start":{"line":130,"column":4},"end":{"line":130,"column":null}},"21":{"start":{"line":133,"column":2},"end":{"line":135,"column":null}},"22":{"start":{"line":134,"column":4},"end":{"line":134,"column":null}},"23":{"start":{"line":137,"column":2},"end":{"line":137,"column":null}},"24":{"start":{"line":141,"column":17},"end":{"line":141,"column":null}},"25":{"start":{"line":142,"column":14},"end":{"line":142,"column":null}},"26":{"start":{"line":143,"column":16},"end":{"line":143,"column":null}},"27":{"start":{"line":144,"column":2},"end":{"line":144,"column":null}},"28":{"start":{"line":144,"column":13},"end":{"line":144,"column":null}},"29":{"start":{"line":146,"column":23},"end":{"line":146,"column":null}},"30":{"start":{"line":147,"column":2},"end":{"line":147,"column":null}},"31":{"start":{"line":147,"column":20},"end":{"line":147,"column":null}},"32":{"start":{"line":149,"column":25},"end":{"line":149,"column":null}},"33":{"start":{"line":150,"column":2},"end":{"line":150,"column":null}},"34":{"start":{"line":150,"column":22},"end":{"line":150,"column":null}},"35":{"start":{"line":152,"column":2},"end":{"line":152,"column":null}},"36":{"start":{"line":156,"column":17},"end":{"line":156,"column":null}},"37":{"start":{"line":157,"column":14},"end":{"line":157,"column":null}},"38":{"start":{"line":158,"column":2},"end":{"line":158,"column":null}}},"fnMap":{"0":{"name":"hasDangerousProtocol","decl":{"start":{"line":101,"column":9},"end":{"line":101,"column":30}},"loc":{"start":{"line":101,"column":54},"end":{"line":104,"column":null}},"line":101},"1":{"name":"sanitizeHtml","decl":{"start":{"line":106,"column":16},"end":{"line":106,"column":29}},"loc":{"start":{"line":106,"column":51},"end":{"line":138,"column":null}},"line":106},"2":{"name":"(anonymous_2)","decl":{"start":{"line":133,"column":24},"end":{"line":133,"column":25}},"loc":{"start":{"line":133,"column":34},"end":{"line":135,"column":3}},"line":133},"3":{"name":"extractTitle","decl":{"start":{"line":140,"column":16},"end":{"line":140,"column":29}},"loc":{"start":{"line":140,"column":51},"end":{"line":153,"column":null}},"line":140},"4":{"name":"countHighlights","decl":{"start":{"line":155,"column":16},"end":{"line":155,"column":32}},"loc":{"start":{"line":155,"column":54},"end":{"line":159,"column":null}},"line":155}},"branchMap":{"0":{"loc":{"start":{"line":103,"column":9},"end":{"line":103,"column":null}},"type":"binary-expr","locations":[{"start":{"line":103,"column":9},"end":{"line":103,"column":49}},{"start":{"line":103,"column":49},"end":{"line":103,"column":83}},{"start":{"line":103,"column":83},"end":{"line":103,"column":null}}],"line":103},"1":{"loc":{"start":{"line":117,"column":4},"end":{"line":128,"column":null}},"type":"if","locations":[{"start":{"line":117,"column":4},"end":{"line":128,"column":null}},{"start":{"line":119,"column":11},"end":{"line":128,"column":null}}],"line":117},"2":{"loc":{"start":{"line":122,"column":8},"end":{"line":126,"column":null}},"type":"if","locations":[{"start":{"line":122,"column":8},"end":{"line":126,"column":null}},{"start":{"line":124,"column":8},"end":{"line":126,"column":null}}],"line":122},"3":{"loc":{"start":{"line":124,"column":8},"end":{"line":126,"column":null}},"type":"if","locations":[{"start":{"line":124,"column":8},"end":{"line":126,"column":null}},{"start":{},"end":{}}],"line":124},"4":{"loc":{"start":{"line":124,"column":19},"end":{"line":124,"column":90}},"type":"binary-expr","locations":[{"start":{"line":124,"column":19},"end":{"line":124,"column":56}},{"start":{"line":124,"column":56},"end":{"line":124,"column":90}}],"line":124},"5":{"loc":{"start":{"line":144,"column":2},"end":{"line":144,"column":null}},"type":"if","locations":[{"start":{"line":144,"column":2},"end":{"line":144,"column":null}},{"start":{},"end":{}}],"line":144},"6":{"loc":{"start":{"line":147,"column":2},"end":{"line":147,"column":null}},"type":"if","locations":[{"start":{"line":147,"column":2},"end":{"line":147,"column":null}},{"start":{},"end":{}}],"line":147},"7":{"loc":{"start":{"line":150,"column":2},"end":{"line":150,"column":null}},"type":"if","locations":[{"start":{"line":150,"column":2},"end":{"line":150,"column":null}},{"start":{},"end":{}}],"line":150}},"s":{"0":1,"1":1,"2":1,"3":3,"4":3,"5":6,"6":6,"7":6,"8":6,"9":6,"10":6,"11":12,"12":12,"13":5,"14":7,"15":5,"16":5,"17":2,"18":3,"19":2,"20":12,"21":6,"22":5,"23":6,"24":4,"25":4,"26":4,"27":4,"28":1,"29":3,"30":4,"31":1,"32":2,"33":4,"34":1,"35":1,"36":2,"37":2,"38":2},"f":{"0":3,"1":6,"2":5,"3":4,"4":2},"b":{"0":[3,2,1],"1":[5,7],"2":[2,3],"3":[2,1],"4":[3,3],"5":[1,3],"6":[1,3],"7":[1,3]},"meta":{"lastBranch":8,"lastFunction":5,"lastStatement":39,"seen":{"s:1:23:15:Infinity":0,"s:17:29:97:Infinity":1,"s:99:23:99:Infinity":2,"f:101:9:101:30":0,"s:102:21:102:Infinity":3,"s:103:2:103:Infinity":4,"b:103:9:103:49:103:49:103:83:103:83:103:Infinity":0,"f:106:16:106:29":1,"s:107:17:107:Infinity":5,"s:108:14:108:Infinity":6,"s:110:17:110:Infinity":7,"s:111:35:111:Infinity":8,"s:113:20:113:Infinity":9,"s:114:2:131:Infinity":10,"s:115:20:115:Infinity":11,"b:117:4:128:Infinity:119:11:128:Infinity":1,"s:117:4:128:Infinity":12,"s:118:6:118:Infinity":13,"s:120:6:127:Infinity":14,"s:121:25:121:Infinity":15,"b:122:8:126:Infinity:124:8:126:Infinity":2,"s:122:8:126:Infinity":16,"s:123:10:123:Infinity":17,"b:124:8:126:Infinity:undefined:undefined:undefined:undefined":3,"s:124:8:126:Infinity":18,"b:124:19:124:56:124:56:124:90":4,"s:125:10:125:Infinity":19,"s:130:4:130:Infinity":20,"s:133:2:135:Infinity":21,"f:133:24:133:25":2,"s:134:4:134:Infinity":22,"s:137:2:137:Infinity":23,"f:140:16:140:29":3,"s:141:17:141:Infinity":24,"s:142:14:142:Infinity":25,"s:143:16:143:Infinity":26,"b:144:2:144:Infinity:undefined:undefined:undefined:undefined":5,"s:144:2:144:Infinity":27,"s:144:13:144:Infinity":28,"s:146:23:146:Infinity":29,"b:147:2:147:Infinity:undefined:undefined:undefined:undefined":6,"s:147:2:147:Infinity":30,"s:147:20:147:Infinity":31,"s:149:25:149:Infinity":32,"b:150:2:150:Infinity:undefined:undefined:undefined:undefined":7,"s:150:2:150:Infinity":33,"s:150:22:150:Infinity":34,"s:152:2:152:Infinity":35,"f:155:16:155:32":4,"s:156:17:156:Infinity":36,"s:157:14:157:Infinity":37,"s:158:2:158:Infinity":38},"fnNames":{}}}
,"D:\\Code\\Recite\\src\\utils\\storage.ts": {"path":"D:\\Code\\Recite\\src\\utils\\storage.ts","statementMap":{"0":{"start":{"line":71,"column":19},"end":{"line":71,"column":null}},"1":{"start":{"line":72,"column":24},"end":{"line":72,"column":null}},"2":{"start":{"line":73,"column":24},"end":{"line":73,"column":null}},"3":{"start":{"line":74,"column":19},"end":{"line":74,"column":null}},"4":{"start":{"line":75,"column":21},"end":{"line":75,"column":null}},"5":{"start":{"line":76,"column":23},"end":{"line":76,"column":null}},"6":{"start":{"line":77,"column":19},"end":{"line":77,"column":null}},"7":{"start":{"line":82,"column":2},"end":{"line":87,"column":null}},"8":{"start":{"line":83,"column":4},"end":{"line":83,"column":null}},"9":{"start":{"line":84,"column":4},"end":{"line":84,"column":null}},"10":{"start":{"line":91,"column":2},"end":{"line":96,"column":null}},"11":{"start":{"line":92,"column":16},"end":{"line":92,"column":null}},"12":{"start":{"line":93,"column":4},"end":{"line":93,"column":null}},"13":{"start":{"line":95,"column":4},"end":{"line":95,"column":null}},"14":{"start":{"line":103,"column":2},"end":{"line":110,"column":null}},"15":{"start":{"line":114,"column":2},"end":{"line":121,"column":null}},"16":{"start":{"line":115,"column":16},"end":{"line":115,"column":null}},"17":{"start":{"line":116,"column":4},"end":{"line":116,"column":null}},"18":{"start":{"line":116,"column":14},"end":{"line":116,"column":null}},"19":{"start":{"line":117,"column":17},"end":{"line":117,"column":null}},"20":{"start":{"line":118,"column":4},"end":{"line":118,"column":null}},"21":{"start":{"line":120,"column":4},"end":{"line":120,"column":null}},"22":{"start":{"line":126,"column":2},"end":{"line":132,"column":null}},"23":{"start":{"line":127,"column":17},"end":{"line":127,"column":null}},"24":{"start":{"line":127,"column":56},"end":{"line":127,"column":75}},"25":{"start":{"line":128,"column":4},"end":{"line":128,"column":null}},"26":{"start":{"line":129,"column":4},"end":{"line":129,"column":null}},"27":{"start":{"line":136,"column":2},"end":{"line":141,"column":null}},"28":{"start":{"line":137,"column":17},"end":{"line":137,"column":null}},"29":{"start":{"line":137,"column":56},"end":{"line":137,"column":70}},"30":{"start":{"line":138,"column":4},"end":{"line":138,"column":null}},"31":{"start":{"line":146,"column":15},"end":{"line":146,"column":null}},"32":{"start":{"line":146,"column":52},"end":{"line":146,"column":66}},"33":{"start":{"line":147,"column":2},"end":{"line":147,"column":null}},"34":{"start":{"line":147,"column":13},"end":{"line":147,"column":null}},"35":{"start":{"line":148,"column":2},"end":{"line":148,"column":null}},"36":{"start":{"line":153,"column":2},"end":{"line":158,"column":null}},"37":{"start":{"line":154,"column":16},"end":{"line":154,"column":null}},"38":{"start":{"line":155,"column":4},"end":{"line":157,"column":null}},"39":{"start":{"line":156,"column":6},"end":{"line":156,"column":null}},"40":{"start":{"line":163,"column":2},"end":{"line":171,"column":null}},"41":{"start":{"line":164,"column":4},"end":{"line":164,"column":null}},"42":{"start":{"line":165,"column":4},"end":{"line":165,"column":null}},"43":{"start":{"line":166,"column":4},"end":{"line":166,"column":null}},"44":{"start":{"line":167,"column":19},"end":{"line":167,"column":null}},"45":{"start":{"line":167,"column":57},"end":{"line":167,"column":71}},"46":{"start":{"line":168,"column":4},"end":{"line":168,"column":null}},"47":{"start":{"line":176,"column":2},"end":{"line":178,"column":null}},"48":{"start":{"line":177,"column":4},"end":{"line":177,"column":null}},"49":{"start":{"line":184,"column":2},"end":{"line":188,"column":null}},"50":{"start":{"line":185,"column":4},"end":{"line":185,"column":null}},"51":{"start":{"line":192,"column":2},"end":{"line":197,"column":null}},"52":{"start":{"line":193,"column":16},"end":{"line":193,"column":null}},"53":{"start":{"line":194,"column":4},"end":{"line":194,"column":null}},"54":{"start":{"line":196,"column":4},"end":{"line":196,"column":null}},"55":{"start":{"line":203,"column":2},"end":{"line":210,"column":null}},"56":{"start":{"line":204,"column":16},"end":{"line":204,"column":null}},"57":{"start":{"line":205,"column":4},"end":{"line":205,"column":null}},"58":{"start":{"line":205,"column":14},"end":{"line":205,"column":null}},"59":{"start":{"line":206,"column":17},"end":{"line":206,"column":null}},"60":{"start":{"line":207,"column":4},"end":{"line":207,"column":null}},"61":{"start":{"line":209,"column":4},"end":{"line":209,"column":null}},"62":{"start":{"line":214,"column":2},"end":{"line":220,"column":null}},"63":{"start":{"line":215,"column":19},"end":{"line":215,"column":null}},"64":{"start":{"line":215,"column":57},"end":{"line":215,"column":75}},"65":{"start":{"line":216,"column":4},"end":{"line":216,"column":null}},"66":{"start":{"line":217,"column":4},"end":{"line":217,"column":null}},"67":{"start":{"line":224,"column":2},"end":{"line":232,"column":null}},"68":{"start":{"line":225,"column":19},"end":{"line":225,"column":null}},"69":{"start":{"line":225,"column":57},"end":{"line":225,"column":71}},"70":{"start":{"line":226,"column":4},"end":{"line":226,"column":null}},"71":{"start":{"line":227,"column":4},"end":{"line":227,"column":null}},"72":{"start":{"line":228,"column":4},"end":{"line":228,"column":null}},"73":{"start":{"line":229,"column":4},"end":{"line":229,"column":null}},"74":{"start":{"line":238,"column":2},"end":{"line":245,"column":null}},"75":{"start":{"line":239,"column":16},"end":{"line":239,"column":null}},"76":{"start":{"line":240,"column":4},"end":{"line":240,"column":null}},"77":{"start":{"line":240,"column":14},"end":{"line":240,"column":null}},"78":{"start":{"line":241,"column":17},"end":{"line":241,"column":null}},"79":{"start":{"line":242,"column":4},"end":{"line":242,"column":null}},"80":{"start":{"line":244,"column":4},"end":{"line":244,"column":null}},"81":{"start":{"line":249,"column":2},"end":{"line":255,"column":null}},"82":{"start":{"line":250,"column":17},"end":{"line":250,"column":null}},"83":{"start":{"line":250,"column":50},"end":{"line":250,"column":73}},"84":{"start":{"line":251,"column":4},"end":{"line":251,"column":null}},"85":{"start":{"line":252,"column":4},"end":{"line":252,"column":null}},"86":{"start":{"line":259,"column":2},"end":{"line":264,"column":null}},"87":{"start":{"line":260,"column":17},"end":{"line":260,"column":null}},"88":{"start":{"line":260,"column":50},"end":{"line":260,"column":64}},"89":{"start":{"line":261,"column":4},"end":{"line":261,"column":null}},"90":{"start":{"line":271,"column":2},"end":{"line":279,"column":null}},"91":{"start":{"line":272,"column":16},"end":{"line":272,"column":null}},"92":{"start":{"line":273,"column":4},"end":{"line":273,"column":null}},"93":{"start":{"line":273,"column":14},"end":{"line":273,"column":null}},"94":{"start":{"line":274,"column":17},"end":{"line":274,"column":null}},"95":{"start":{"line":275,"column":4},"end":{"line":275,"column":null}},"96":{"start":{"line":275,"column":30},"end":{"line":275,"column":null}},"97":{"start":{"line":276,"column":4},"end":{"line":276,"column":null}},"98":{"start":{"line":276,"column":36},"end":{"line":276,"column":61}},"99":{"start":{"line":278,"column":4},"end":{"line":278,"column":null}},"100":{"start":{"line":287,"column":2},"end":{"line":301,"column":null}},"101":{"start":{"line":288,"column":17},"end":{"line":288,"column":null}},"102":{"start":{"line":289,"column":4},"end":{"line":296,"column":null}},"103":{"start":{"line":290,"column":18},"end":{"line":290,"column":null}},"104":{"start":{"line":290,"column":41},"end":{"line":290,"column":89}},"105":{"start":{"line":291,"column":6},"end":{"line":295,"column":null}},"106":{"start":{"line":292,"column":8},"end":{"line":292,"column":null}},"107":{"start":{"line":294,"column":8},"end":{"line":294,"column":null}},"108":{"start":{"line":297,"column":4},"end":{"line":297,"column":null}},"109":{"start":{"line":297,"column":24},"end":{"line":297,"column":49}},"110":{"start":{"line":298,"column":4},"end":{"line":298,"column":null}},"111":{"start":{"line":306,"column":2},"end":{"line":311,"column":null}},"112":{"start":{"line":307,"column":17},"end":{"line":307,"column":null}},"113":{"start":{"line":307,"column":54},"end":{"line":307,"column":68}},"114":{"start":{"line":308,"column":4},"end":{"line":308,"column":null}},"115":{"start":{"line":316,"column":2},"end":{"line":321,"column":null}},"116":{"start":{"line":317,"column":17},"end":{"line":317,"column":null}},"117":{"start":{"line":317,"column":54},"end":{"line":317,"column":82}},"118":{"start":{"line":318,"column":4},"end":{"line":318,"column":null}},"119":{"start":{"line":326,"column":2},"end":{"line":330,"column":null}},"120":{"start":{"line":327,"column":4},"end":{"line":327,"column":null}}},"fnMap":{"0":{"name":"saveDocument","decl":{"start":{"line":81,"column":16},"end":{"line":81,"column":29}},"loc":{"start":{"line":81,"column":56},"end":{"line":88,"column":null}},"line":81},"1":{"name":"getDocument","decl":{"start":{"line":90,"column":16},"end":{"line":90,"column":28}},"loc":{"start":{"line":90,"column":63},"end":{"line":97,"column":null}},"line":90},"2":{"name":"metaFromDocument","decl":{"start":{"line":102,"column":16},"end":{"line":102,"column":33}},"loc":{"start":{"line":102,"column":68},"end":{"line":111,"column":null}},"line":102},"3":{"name":"getDocumentMetaList","decl":{"start":{"line":113,"column":16},"end":{"line":113,"column":54}},"loc":{"start":{"line":113,"column":54},"end":{"line":122,"column":null}},"line":113},"4":{"name":"upsertDocumentMeta","decl":{"start":{"line":125,"column":16},"end":{"line":125,"column":35}},"loc":{"start":{"line":125,"column":61},"end":{"line":133,"column":null}},"line":125},"5":{"name":"(anonymous_5)","decl":{"start":{"line":127,"column":46},"end":{"line":127,"column":47}},"loc":{"start":{"line":127,"column":56},"end":{"line":127,"column":75}},"line":127},"6":{"name":"removeDocumentMeta","decl":{"start":{"line":135,"column":9},"end":{"line":135,"column":28}},"loc":{"start":{"line":135,"column":46},"end":{"line":142,"column":null}},"line":135},"7":{"name":"(anonymous_7)","decl":{"start":{"line":137,"column":46},"end":{"line":137,"column":47}},"loc":{"start":{"line":137,"column":56},"end":{"line":137,"column":70}},"line":137},"8":{"name":"recordDocumentAccess","decl":{"start":{"line":145,"column":16},"end":{"line":145,"column":37}},"loc":{"start":{"line":145,"column":55},"end":{"line":149,"column":null}},"line":145},"9":{"name":"(anonymous_9)","decl":{"start":{"line":146,"column":42},"end":{"line":146,"column":43}},"loc":{"start":{"line":146,"column":52},"end":{"line":146,"column":66}},"line":146},"10":{"name":"batchUpdateDocumentCategory","decl":{"start":{"line":152,"column":16},"end":{"line":152,"column":44}},"loc":{"start":{"line":152,"column":92},"end":{"line":159,"column":null}},"line":152},"11":{"name":"deleteDocument","decl":{"start":{"line":162,"column":16},"end":{"line":162,"column":31}},"loc":{"start":{"line":162,"column":49},"end":{"line":172,"column":null}},"line":162},"12":{"name":"(anonymous_12)","decl":{"start":{"line":167,"column":47},"end":{"line":167,"column":48}},"loc":{"start":{"line":167,"column":57},"end":{"line":167,"column":71}},"line":167},"13":{"name":"deleteDocuments","decl":{"start":{"line":175,"column":16},"end":{"line":175,"column":32}},"loc":{"start":{"line":175,"column":53},"end":{"line":179,"column":null}},"line":175},"14":{"name":"saveProgress","decl":{"start":{"line":183,"column":16},"end":{"line":183,"column":29}},"loc":{"start":{"line":183,"column":62},"end":{"line":189,"column":null}},"line":183},"15":{"name":"getProgress","decl":{"start":{"line":191,"column":16},"end":{"line":191,"column":28}},"loc":{"start":{"line":191,"column":67},"end":{"line":198,"column":null}},"line":191},"16":{"name":"getRecentDocuments","decl":{"start":{"line":202,"column":16},"end":{"line":202,"column":55}},"loc":{"start":{"line":202,"column":55},"end":{"line":211,"column":null}},"line":202},"17":{"name":"addRecentDocument","decl":{"start":{"line":213,"column":16},"end":{"line":213,"column":34}},"loc":{"start":{"line":213,"column":61},"end":{"line":221,"column":null}},"line":213},"18":{"name":"(anonymous_18)","decl":{"start":{"line":215,"column":47},"end":{"line":215,"column":48}},"loc":{"start":{"line":215,"column":57},"end":{"line":215,"column":75}},"line":215},"19":{"name":"removeRecentDocument","decl":{"start":{"line":223,"column":16},"end":{"line":223,"column":37}},"loc":{"start":{"line":223,"column":55},"end":{"line":233,"column":null}},"line":223},"20":{"name":"(anonymous_20)","decl":{"start":{"line":225,"column":47},"end":{"line":225,"column":48}},"loc":{"start":{"line":225,"column":57},"end":{"line":225,"column":71}},"line":225},"21":{"name":"getCategories","decl":{"start":{"line":237,"column":16},"end":{"line":237,"column":50}},"loc":{"start":{"line":237,"column":50},"end":{"line":246,"column":null}},"line":237},"22":{"name":"saveCategory","decl":{"start":{"line":248,"column":16},"end":{"line":248,"column":29}},"loc":{"start":{"line":248,"column":61},"end":{"line":256,"column":null}},"line":248},"23":{"name":"(anonymous_23)","decl":{"start":{"line":250,"column":40},"end":{"line":250,"column":41}},"loc":{"start":{"line":250,"column":50},"end":{"line":250,"column":73}},"line":250},"24":{"name":"deleteCategoryRecord","decl":{"start":{"line":258,"column":16},"end":{"line":258,"column":37}},"loc":{"start":{"line":258,"column":55},"end":{"line":265,"column":null}},"line":258},"25":{"name":"(anonymous_25)","decl":{"start":{"line":260,"column":40},"end":{"line":260,"column":41}},"loc":{"start":{"line":260,"column":50},"end":{"line":260,"column":64}},"line":260},"26":{"name":"getUnmasteredList","decl":{"start":{"line":270,"column":16},"end":{"line":270,"column":54}},"loc":{"start":{"line":270,"column":54},"end":{"line":280,"column":null}},"line":270},"27":{"name":"(anonymous_27)","decl":{"start":{"line":276,"column":26},"end":{"line":276,"column":27}},"loc":{"start":{"line":276,"column":36},"end":{"line":276,"column":61}},"line":276},"28":{"name":"addUnmasteredItems","decl":{"start":{"line":286,"column":16},"end":{"line":286,"column":35}},"loc":{"start":{"line":286,"column":66},"end":{"line":302,"column":null}},"line":286},"29":{"name":"(anonymous_29)","decl":{"start":{"line":290,"column":33},"end":{"line":290,"column":34}},"loc":{"start":{"line":290,"column":41},"end":{"line":290,"column":89}},"line":290},"30":{"name":"(anonymous_30)","decl":{"start":{"line":297,"column":14},"end":{"line":297,"column":15}},"loc":{"start":{"line":297,"column":24},"end":{"line":297,"column":49}},"line":297},"31":{"name":"removeUnmasteredItem","decl":{"start":{"line":305,"column":16},"end":{"line":305,"column":37}},"loc":{"start":{"line":305,"column":55},"end":{"line":312,"column":null}},"line":305},"32":{"name":"(anonymous_32)","decl":{"start":{"line":307,"column":44},"end":{"line":307,"column":45}},"loc":{"start":{"line":307,"column":54},"end":{"line":307,"column":68}},"line":307},"33":{"name":"removeUnmasteredByDocIds","decl":{"start":{"line":315,"column":16},"end":{"line":315,"column":41}},"loc":{"start":{"line":315,"column":65},"end":{"line":322,"column":null}},"line":315},"34":{"name":"(anonymous_34)","decl":{"start":{"line":317,"column":44},"end":{"line":317,"column":45}},"loc":{"start":{"line":317,"column":54},"end":{"line":317,"column":82}},"line":317},"35":{"name":"clearUnmasteredList","decl":{"start":{"line":325,"column":16},"end":{"line":325,"column":44}},"loc":{"start":{"line":325,"column":44},"end":{"line":331,"column":null}},"line":325}},"branchMap":{"0":{"loc":{"start":{"line":93,"column":11},"end":{"line":93,"column":null}},"type":"cond-expr","locations":[{"start":{"line":93,"column":18},"end":{"line":93,"column":55}},{"start":{"line":93,"column":55},"end":{"line":93,"column":null}}],"line":93},"1":{"loc":{"start":{"line":108,"column":16},"end":{"line":108,"column":null}},"type":"binary-expr","locations":[{"start":{"line":108,"column":16},"end":{"line":108,"column":34}},{"start":{"line":108,"column":34},"end":{"line":108,"column":null}}],"line":108},"2":{"loc":{"start":{"line":109,"column":17},"end":{"line":109,"column":null}},"type":"binary-expr","locations":[{"start":{"line":109,"column":17},"end":{"line":109,"column":36}},{"start":{"line":109,"column":36},"end":{"line":109,"column":null}}],"line":109},"3":{"loc":{"start":{"line":116,"column":4},"end":{"line":116,"column":null}},"type":"if","locations":[{"start":{"line":116,"column":4},"end":{"line":116,"column":null}},{"start":{},"end":{}}],"line":116},"4":{"loc":{"start":{"line":118,"column":11},"end":{"line":118,"column":null}},"type":"cond-expr","locations":[{"start":{"line":118,"column":33},"end":{"line":118,"column":40}},{"start":{"line":118,"column":40},"end":{"line":118,"column":null}}],"line":118},"5":{"loc":{"start":{"line":147,"column":2},"end":{"line":147,"column":null}},"type":"if","locations":[{"start":{"line":147,"column":2},"end":{"line":147,"column":null}},{"start":{},"end":{}}],"line":147},"6":{"loc":{"start":{"line":155,"column":4},"end":{"line":157,"column":null}},"type":"if","locations":[{"start":{"line":155,"column":4},"end":{"line":157,"column":null}},{"start":{},"end":{}}],"line":155},"7":{"loc":{"start":{"line":194,"column":11},"end":{"line":194,"column":null}},"type":"cond-expr","locations":[{"start":{"line":194,"column":18},"end":{"line":194,"column":56}},{"start":{"line":194,"column":56},"end":{"line":194,"column":null}}],"line":194},"8":{"loc":{"start":{"line":205,"column":4},"end":{"line":205,"column":null}},"type":"if","locations":[{"start":{"line":205,"column":4},"end":{"line":205,"column":null}},{"start":{},"end":{}}],"line":205},"9":{"loc":{"start":{"line":207,"column":11},"end":{"line":207,"column":null}},"type":"cond-expr","locations":[{"start":{"line":207,"column":33},"end":{"line":207,"column":40}},{"start":{"line":207,"column":40},"end":{"line":207,"column":null}}],"line":207},"10":{"loc":{"start":{"line":240,"column":4},"end":{"line":240,"column":null}},"type":"if","locations":[{"start":{"line":240,"column":4},"end":{"line":240,"column":null}},{"start":{},"end":{}}],"line":240},"11":{"loc":{"start":{"line":242,"column":11},"end":{"line":242,"column":null}},"type":"cond-expr","locations":[{"start":{"line":242,"column":33},"end":{"line":242,"column":40}},{"start":{"line":242,"column":40},"end":{"line":242,"column":null}}],"line":242},"12":{"loc":{"start":{"line":273,"column":4},"end":{"line":273,"column":null}},"type":"if","locations":[{"start":{"line":273,"column":4},"end":{"line":273,"column":null}},{"start":{},"end":{}}],"line":273},"13":{"loc":{"start":{"line":275,"column":4},"end":{"line":275,"column":null}},"type":"if","locations":[{"start":{"line":275,"column":4},"end":{"line":275,"column":null}},{"start":{},"end":{}}],"line":275},"14":{"loc":{"start":{"line":290,"column":41},"end":{"line":290,"column":89}},"type":"binary-expr","locations":[{"start":{"line":290,"column":41},"end":{"line":290,"column":68}},{"start":{"line":290,"column":68},"end":{"line":290,"column":89}}],"line":290},"15":{"loc":{"start":{"line":291,"column":6},"end":{"line":295,"column":null}},"type":"if","locations":[{"start":{"line":291,"column":6},"end":{"line":295,"column":null}},{"start":{"line":293,"column":13},"end":{"line":295,"column":null}}],"line":291}},"s":{"0":3,"1":3,"2":3,"3":3,"4":3,"5":3,"6":3,"7":23,"8":23,"9":23,"10":19,"11":19,"12":19,"13":0,"14":24,"15":45,"16":45,"17":45,"18":16,"19":29,"20":29,"21":0,"22":26,"23":26,"24":13,"25":26,"26":26,"27":5,"28":5,"29":7,"30":5,"31":2,"32":1,"33":2,"34":1,"35":1,"36":2,"37":3,"38":3,"39":3,"40":4,"41":4,"42":4,"43":4,"44":4,"45":1,"46":4,"47":2,"48":3,"49":1,"50":1,"51":1,"52":1,"53":1,"54":0,"55":22,"56":22,"57":22,"58":5,"59":17,"60":17,"61":0,"62":14,"63":14,"64":65,"65":14,"66":14,"67":1,"68":1,"69":1,"70":1,"71":1,"72":1,"73":1,"74":9,"75":9,"76":9,"77":2,"78":7,"79":7,"80":0,"81":3,"82":3,"83":1,"84":3,"85":3,"86":1,"87":1,"88":1,"89":1,"90":13,"91":13,"92":13,"93":5,"94":8,"95":8,"96":0,"97":8,"98":5,"99":0,"100":6,"101":6,"102":6,"103":8,"104":5,"105":8,"106":1,"107":7,"108":6,"109":3,"110":6,"111":1,"112":1,"113":3,"114":1,"115":1,"116":1,"117":2,"118":1,"119":1,"120":1},"f":{"0":23,"1":19,"2":24,"3":45,"4":26,"5":13,"6":5,"7":7,"8":2,"9":1,"10":2,"11":4,"12":1,"13":2,"14":1,"15":1,"16":22,"17":14,"18":65,"19":1,"20":1,"21":9,"22":3,"23":1,"24":1,"25":1,"26":13,"27":5,"28":6,"29":5,"30":3,"31":1,"32":3,"33":1,"34":2,"35":1},"b":{"0":[12,7],"1":[24,16],"2":[24,23],"3":[16,29],"4":[29,0],"5":[1,1],"6":[3,0],"7":[0,1],"8":[5,17],"9":[17,0],"10":[2,7],"11":[7,0],"12":[5,8],"13":[0,8],"14":[5,3],"15":[1,7]},"meta":{"lastBranch":16,"lastFunction":36,"lastStatement":121,"seen":{"s:71:19:71:Infinity":0,"s:72:24:72:Infinity":1,"s:73:24:73:Infinity":2,"s:74:19:74:Infinity":3,"s:75:21:75:Infinity":4,"s:76:23:76:Infinity":5,"s:77:19:77:Infinity":6,"f:81:16:81:29":0,"s:82:2:87:Infinity":7,"s:83:4:83:Infinity":8,"s:84:4:84:Infinity":9,"f:90:16:90:28":1,"s:91:2:96:Infinity":10,"s:92:16:92:Infinity":11,"s:93:4:93:Infinity":12,"b:93:18:93:55:93:55:93:Infinity":0,"s:95:4:95:Infinity":13,"f:102:16:102:33":2,"s:103:2:110:Infinity":14,"b:108:16:108:34:108:34:108:Infinity":1,"b:109:17:109:36:109:36:109:Infinity":2,"f:113:16:113:54":3,"s:114:2:121:Infinity":15,"s:115:16:115:Infinity":16,"b:116:4:116:Infinity:undefined:undefined:undefined:undefined":3,"s:116:4:116:Infinity":17,"s:116:14:116:Infinity":18,"s:117:17:117:Infinity":19,"s:118:4:118:Infinity":20,"b:118:33:118:40:118:40:118:Infinity":4,"s:120:4:120:Infinity":21,"f:125:16:125:35":4,"s:126:2:132:Infinity":22,"s:127:17:127:Infinity":23,"f:127:46:127:47":5,"s:127:56:127:75":24,"s:128:4:128:Infinity":25,"s:129:4:129:Infinity":26,"f:135:9:135:28":6,"s:136:2:141:Infinity":27,"s:137:17:137:Infinity":28,"f:137:46:137:47":7,"s:137:56:137:70":29,"s:138:4:138:Infinity":30,"f:145:16:145:37":8,"s:146:15:146:Infinity":31,"f:146:42:146:43":9,"s:146:52:146:66":32,"b:147:2:147:Infinity:undefined:undefined:undefined:undefined":5,"s:147:2:147:Infinity":33,"s:147:13:147:Infinity":34,"s:148:2:148:Infinity":35,"f:152:16:152:44":10,"s:153:2:158:Infinity":36,"s:154:16:154:Infinity":37,"b:155:4:157:Infinity:undefined:undefined:undefined:undefined":6,"s:155:4:157:Infinity":38,"s:156:6:156:Infinity":39,"f:162:16:162:31":11,"s:163:2:171:Infinity":40,"s:164:4:164:Infinity":41,"s:165:4:165:Infinity":42,"s:166:4:166:Infinity":43,"s:167:19:167:Infinity":44,"f:167:47:167:48":12,"s:167:57:167:71":45,"s:168:4:168:Infinity":46,"f:175:16:175:32":13,"s:176:2:178:Infinity":47,"s:177:4:177:Infinity":48,"f:183:16:183:29":14,"s:184:2:188:Infinity":49,"s:185:4:185:Infinity":50,"f:191:16:191:28":15,"s:192:2:197:Infinity":51,"s:193:16:193:Infinity":52,"s:194:4:194:Infinity":53,"b:194:18:194:56:194:56:194:Infinity":7,"s:196:4:196:Infinity":54,"f:202:16:202:55":16,"s:203:2:210:Infinity":55,"s:204:16:204:Infinity":56,"b:205:4:205:Infinity:undefined:undefined:undefined:undefined":8,"s:205:4:205:Infinity":57,"s:205:14:205:Infinity":58,"s:206:17:206:Infinity":59,"s:207:4:207:Infinity":60,"b:207:33:207:40:207:40:207:Infinity":9,"s:209:4:209:Infinity":61,"f:213:16:213:34":17,"s:214:2:220:Infinity":62,"s:215:19:215:Infinity":63,"f:215:47:215:48":18,"s:215:57:215:75":64,"s:216:4:216:Infinity":65,"s:217:4:217:Infinity":66,"f:223:16:223:37":19,"s:224:2:232:Infinity":67,"s:225:19:225:Infinity":68,"f:225:47:225:48":20,"s:225:57:225:71":69,"s:226:4:226:Infinity":70,"s:227:4:227:Infinity":71,"s:228:4:228:Infinity":72,"s:229:4:229:Infinity":73,"f:237:16:237:50":21,"s:238:2:245:Infinity":74,"s:239:16:239:Infinity":75,"b:240:4:240:Infinity:undefined:undefined:undefined:undefined":10,"s:240:4:240:Infinity":76,"s:240:14:240:Infinity":77,"s:241:17:241:Infinity":78,"s:242:4:242:Infinity":79,"b:242:33:242:40:242:40:242:Infinity":11,"s:244:4:244:Infinity":80,"f:248:16:248:29":22,"s:249:2:255:Infinity":81,"s:250:17:250:Infinity":82,"f:250:40:250:41":23,"s:250:50:250:73":83,"s:251:4:251:Infinity":84,"s:252:4:252:Infinity":85,"f:258:16:258:37":24,"s:259:2:264:Infinity":86,"s:260:17:260:Infinity":87,"f:260:40:260:41":25,"s:260:50:260:64":88,"s:261:4:261:Infinity":89,"f:270:16:270:54":26,"s:271:2:279:Infinity":90,"s:272:16:272:Infinity":91,"b:273:4:273:Infinity:undefined:undefined:undefined:undefined":12,"s:273:4:273:Infinity":92,"s:273:14:273:Infinity":93,"s:274:17:274:Infinity":94,"b:275:4:275:Infinity:undefined:undefined:undefined:undefined":13,"s:275:4:275:Infinity":95,"s:275:30:275:Infinity":96,"s:276:4:276:Infinity":97,"f:276:26:276:27":27,"s:276:36:276:61":98,"s:278:4:278:Infinity":99,"f:286:16:286:35":28,"s:287:2:301:Infinity":100,"s:288:17:288:Infinity":101,"s:289:4:296:Infinity":102,"s:290:18:290:Infinity":103,"f:290:33:290:34":29,"s:290:41:290:89":104,"b:290:41:290:68:290:68:290:89":14,"b:291:6:295:Infinity:293:13:295:Infinity":15,"s:291:6:295:Infinity":105,"s:292:8:292:Infinity":106,"s:294:8:294:Infinity":107,"s:297:4:297:Infinity":108,"f:297:14:297:15":30,"s:297:24:297:49":109,"s:298:4:298:Infinity":110,"f:305:16:305:37":31,"s:306:2:311:Infinity":111,"s:307:17:307:Infinity":112,"f:307:44:307:45":32,"s:307:54:307:68":113,"s:308:4:308:Infinity":114,"f:315:16:315:41":33,"s:316:2:321:Infinity":115,"s:317:17:317:Infinity":116,"f:317:44:317:45":34,"s:317:54:317:82":117,"s:318:4:318:Infinity":118,"f:325:16:325:44":35,"s:326:2:330:Infinity":119,"s:327:4:327:Infinity":120},"fnNames":{}}}
}
